nohup: ignoring input
wandb: Currently logged in as: yein-hwang. Use `wandb login --relogin` to force relogin
wandb: - Waiting for wandb.init()...wandb: \ Waiting for wandb.init()...wandb: wandb version 0.16.6 is available!  To upgrade, please run:
wandb:  $ pip install wandb --upgrade
wandb: Tracking run with wandb version 0.16.1
wandb: Run data is saved locally in /media/leelabsg-storage1/yein/research/wandb/RegionBAE/wandb/run-20240507_072342-zod4i68i
wandb: Run `wandb offline` to turn off syncing.
wandb: Syncing run cool-flower-246
wandb: ⭐️ View project at https://wandb.ai/yein-hwang/reg_trial
wandb: 🚀 View run at https://wandb.ai/yein-hwang/reg_trial/runs/zod4i68i
====================  Setting  ====================
Dataset :                  adni
Mode :                     test
Number of gpus :           1
Batch size :              4
Data size:                630
Epochs :                  40
Learning Rate :           0.001
Early Stopping Patience : 5
# of Workers  :           16
Region of Interest :      imgs
Model Save Path:          ../../model/region_BAE/adni/imgs/
Loaded Model Epoch:       20
==================================================

<<< StratifiedKFold: 0/4 >>>
Train Dataset & Validation Dataset size:  118 40
[  3  10  13  17  22  23  30  32  38  46  50  51  52  53  55  57  60  70
  82  97  98  99 101 108 109 110 115 132 134 140 141 142 146 154 155 159
 168 187 191 192 193 200 202 204 213 214 220 222 228 229 232 235 236 239
 240 242 243 244 245 249 252 258 261 262 270 271 272 273 284 289 294 305
 308 313 319 320 321 333 335 336 337 339 342 343 351 357 367 370 378 382
 384 387 388 390 392 395 401 406 408 411 422 430 433 437 439 442 452 453
 454 458 459 464 465 468 471 478 480 484 487 493 496 500 503 509 513 515
 531 534 544 545 546 551 565 566 567 568 569 572 577 582 585 589 592 593
 596 597 598 600 604 607 609 614 618 625 626 627 628 629]
Traceback (most recent call last):
  File "/media/leelabsg-storage1/yein/research/BAE/RegionBAE/src/main_cv.py", line 226, in <module>
    trainer.load(cv_num, MODEL_LOAD_EPOCH) # pre-trained model load
  File "/media/leelabsg-storage1/yein/research/BAE/RegionBAE/src/CNN_Trainer.py", line 233, in load
    checkpoint = torch.load(model_path)
  File "/data/home/yeinhwang/micromamba/envs/vx/lib/python3.10/site-packages/torch/serialization.py", line 986, in load
    with _open_file_like(f, 'rb') as opened_file:
  File "/data/home/yeinhwang/micromamba/envs/vx/lib/python3.10/site-packages/torch/serialization.py", line 435, in _open_file_like
    return _open_file(name_or_buffer, mode)
  File "/data/home/yeinhwang/micromamba/envs/vx/lib/python3.10/site-packages/torch/serialization.py", line 416, in __init__
    super().__init__(open(name, mode))
FileNotFoundError: [Errno 2] No such file or directory: '../../model/region_BAE/ukb/imgs/cv-0-20.pth.tar'
wandb: 🚀 View run cool-flower-246 at: https://wandb.ai/yein-hwang/reg_trial/runs/zod4i68i
wandb: ️⚡ View job at https://wandb.ai/yein-hwang/reg_trial/jobs/QXJ0aWZhY3RDb2xsZWN0aW9uOjEzNDc1Mjc4NA==/version_details/v33
wandb: Synced 5 W&B file(s), 0 media file(s), 2 artifact file(s) and 0 other file(s)
wandb: Find logs at: /media/leelabsg-storage1/yein/research/wandb/RegionBAE/wandb/run-20240507_072342-zod4i68i/logs
