====================  Setting  ====================
Dataset :                  adni
Mode :                     train
Number of gpus :           1
Batch size :              4
Data size:                630
Epochs :                  40
Learning Rate :           0.0001
Early Stopping Patience : 0
# of Workers  :           16
Region of Interest :      parietal_lobe
Model Save Path:          ../../model/region_BAE/adni/parietal_lobe/
Loaded Model Epoch:       40
==================================================

<<< StratifiedKFold: 1/4 >>>
Train Dataset & Validation Dataset size:  118 40
[  3  10  13  17  22  23  30  32  38  46  50  51  52  53  55  57  60  70
  82  97  98  99 101 108 109 110 115 132 134 140 141 142 146 154 155 159
 168 187 191 192 193 200 202 204 213 214 220 222 228 229 232 235 236 239
 240 242 243 244 245 249 252 258 261 262 270 271 272 273 284 289 294 305
 308 313 319 320 321 333 335 336 337 339 342 343 351 357 367 370 378 382
 384 387 388 390 392 395 401 406 408 411 422 430 433 437 439 442 452 453
 454 458 459 464 465 468 471 478 480 484 487 493 496 500 503 509 513 515
 531 534 544 545 546 551 565 566 567 568 569 572 577 582 585 589 592 593
 596 597 598 600 604 607 609 614 618 625 626 627 628 629]
[ Start ]

Epoch   1: training
Epoch: 1, duration for training: 0.74 minutes

Epoch   1: validation
../../test/adni_cn/parietal_lobe/0/parietal_lobe
Ages saved
Features saved
    Epoch  1: training mse loss = 790.377 / validation mse loss = 52.739
    Epoch  1: training mae loss = 19.646 / validation mae loss = 5.462

Epoch   2: training
Epoch: 2, duration for training: 0.80 minutes

Epoch   2: validation
../../test/adni_cn/parietal_lobe/0/parietal_lobe
Ages saved
Features saved
    Epoch  2: training mse loss = 55.213 / validation mse loss = 71.558
    Epoch  2: training mae loss = 6.018 / validation mae loss = 6.564

Epoch   3: training
Epoch: 3, duration for training: 0.71 minutes

Epoch   3: validation
../../test/adni_cn/parietal_lobe/0/parietal_lobe
Ages saved
Features saved
    Epoch  3: training mse loss = 53.910 / validation mse loss = 52.186
    Epoch  3: training mae loss = 5.904 / validation mae loss = 5.507

Epoch   4: training
Epoch: 4, duration for training: 0.72 minutes

Epoch   4: validation
../../test/adni_cn/parietal_lobe/0/parietal_lobe
Ages saved
Features saved
    Epoch  4: training mse loss = 121.675 / validation mse loss = 296.386
    Epoch  4: training mae loss = 7.106 / validation mae loss = 15.221

Epoch   5: training
Epoch: 5, duration for training: 0.69 minutes

Epoch   5: validation
../../test/adni_cn/parietal_lobe/0/parietal_lobe
Ages saved
Features saved
    Epoch  5: training mse loss = 74.797 / validation mse loss = 56.787
    Epoch  5: training mae loss = 6.922 / validation mae loss = 6.230

Epoch   6: training
Epoch: 6, duration for training: 0.68 minutes

Epoch   6: validation
../../test/adni_cn/parietal_lobe/0/parietal_lobe
Ages saved
Features saved
    Epoch  6: training mse loss = 55.502 / validation mse loss = 59.205
    Epoch  6: training mae loss = 6.002 / validation mae loss = 5.860

Epoch   7: training
Epoch: 7, duration for training: 0.78 minutes

Epoch   7: validation
../../test/adni_cn/parietal_lobe/0/parietal_lobe
Ages saved
Features saved
    Epoch  7: training mse loss = 48.808 / validation mse loss = 50.599
    Epoch  7: training mae loss = 5.628 / validation mae loss = 5.875

Epoch   8: training
Epoch: 8, duration for training: 0.71 minutes

Epoch   8: validation
../../test/adni_cn/parietal_lobe/0/parietal_lobe
Ages saved
Features saved
    Epoch  8: training mse loss = 53.516 / validation mse loss = 47.593
    Epoch  8: training mae loss = 5.982 / validation mae loss = 5.523

Epoch   9: training
Epoch: 9, duration for training: 0.71 minutes

Epoch   9: validation
../../test/adni_cn/parietal_lobe/0/parietal_lobe
Ages saved
Features saved
    Epoch  9: training mse loss = 129.857 / validation mse loss = 60.907
    Epoch  9: training mae loss = 7.862 / validation mae loss = 5.906

Epoch  10: training
Epoch: 10, duration for training: 0.73 minutes

Epoch  10: validation
../../test/adni_cn/parietal_lobe/0/parietal_lobe
Ages saved
Features saved
    Epoch 10: training mse loss = 55.755 / validation mse loss = 50.521
    Epoch 10: training mae loss = 6.044 / validation mae loss = 5.586

Epoch  11: training
Epoch: 11, duration for training: 0.74 minutes

Epoch  11: validation
../../test/adni_cn/parietal_lobe/0/parietal_lobe
Ages saved
Features saved
    Epoch 11: training mse loss = 52.481 / validation mse loss = 52.656
    Epoch 11: training mae loss = 5.889 / validation mae loss = 5.500

Epoch  12: training
Epoch: 12, duration for training: 0.74 minutes

Epoch  12: validation
../../test/adni_cn/parietal_lobe/0/parietal_lobe
Ages saved
Features saved
    Epoch 12: training mse loss = 52.914 / validation mse loss = 55.201
    Epoch 12: training mae loss = 5.838 / validation mae loss = 5.628

Epoch  13: training
Epoch: 13, duration for training: 0.67 minutes

Epoch  13: validation
../../test/adni_cn/parietal_lobe/0/parietal_lobe
Ages saved
Features saved
    Epoch 13: training mse loss = 49.756 / validation mse loss = 56.752
    Epoch 13: training mae loss = 5.717 / validation mae loss = 5.711

Epoch  14: training
Epoch: 14, duration for training: 0.73 minutes

Epoch  14: validation
../../test/adni_cn/parietal_lobe/0/parietal_lobe
Ages saved
Features saved
    Epoch 14: training mse loss = 52.066 / validation mse loss = 49.338
    Epoch 14: training mae loss = 5.844 / validation mae loss = 5.494

Epoch  15: training
Epoch: 15, duration for training: 0.67 minutes

Epoch  15: validation
../../test/adni_cn/parietal_lobe/0/parietal_lobe
Ages saved
Features saved
    Epoch 15: training mse loss = 49.528 / validation mse loss = 50.018
    Epoch 15: training mae loss = 5.665 / validation mae loss = 5.751

Epoch  16: training
Epoch: 16, duration for training: 0.67 minutes

Epoch  16: validation
../../test/adni_cn/parietal_lobe/0/parietal_lobe
Ages saved
Features saved
    Epoch 16: training mse loss = 51.820 / validation mse loss = 52.359
    Epoch 16: training mae loss = 5.860 / validation mae loss = 5.478

Epoch  17: training
Epoch: 17, duration for training: 0.90 minutes

Epoch  17: validation
../../test/adni_cn/parietal_lobe/0/parietal_lobe
Ages saved
Features saved
    Epoch 17: training mse loss = 52.437 / validation mse loss = 52.091
    Epoch 17: training mae loss = 5.924 / validation mae loss = 5.479

Epoch  18: training
Epoch: 18, duration for training: 0.69 minutes

Epoch  18: validation
../../test/adni_cn/parietal_lobe/0/parietal_lobe
Ages saved
Features saved
    Epoch 18: training mse loss = 52.362 / validation mse loss = 61.035
    Epoch 18: training mae loss = 5.843 / validation mae loss = 5.933

Epoch  19: training
Epoch: 19, duration for training: 0.69 minutes

Epoch  19: validation
../../test/adni_cn/parietal_lobe/0/parietal_lobe
Ages saved
Features saved
    Epoch 19: training mse loss = 52.034 / validation mse loss = 50.567
    Epoch 19: training mae loss = 5.793 / validation mae loss = 5.692

Epoch  20: training
Epoch: 20, duration for training: 1.05 minutes

Epoch  20: validation
../../test/adni_cn/parietal_lobe/0/parietal_lobe
Ages saved
Features saved
    Epoch 20: training mse loss = 51.818 / validation mse loss = 50.580
    Epoch 20: training mae loss = 5.823 / validation mae loss = 5.609

Epoch  21: training
Epoch: 21, duration for training: 0.69 minutes

Epoch  21: validation
../../test/adni_cn/parietal_lobe/0/parietal_lobe
Ages saved
Features saved
    Epoch 21: training mse loss = 53.029 / validation mse loss = 50.682
    Epoch 21: training mae loss = 5.906 / validation mae loss = 5.716

Epoch  22: training
Epoch: 22, duration for training: 0.81 minutes

Epoch  22: validation
../../test/adni_cn/parietal_lobe/0/parietal_lobe
Ages saved
Features saved
    Epoch 22: training mse loss = 50.992 / validation mse loss = 51.240
    Epoch 22: training mae loss = 5.732 / validation mae loss = 5.440

Epoch  23: training
Epoch: 23, duration for training: 0.75 minutes

Epoch  23: validation
../../test/adni_cn/parietal_lobe/0/parietal_lobe
Ages saved
Features saved
    Epoch 23: training mse loss = 51.938 / validation mse loss = 50.853
    Epoch 23: training mae loss = 5.794 / validation mae loss = 5.423

Epoch  24: training
Epoch: 24, duration for training: 0.67 minutes

Epoch  24: validation
../../test/adni_cn/parietal_lobe/0/parietal_lobe
Ages saved
Features saved
    Epoch 24: training mse loss = 53.497 / validation mse loss = 55.333
    Epoch 24: training mae loss = 5.915 / validation mae loss = 6.157

Epoch  25: training
Epoch: 25, duration for training: 0.69 minutes

Epoch  25: validation
../../test/adni_cn/parietal_lobe/0/parietal_lobe
Ages saved
Features saved
    Epoch 25: training mse loss = 52.767 / validation mse loss = 49.229
    Epoch 25: training mae loss = 5.846 / validation mae loss = 5.490

Epoch  26: training
Epoch: 26, duration for training: 0.69 minutes

Epoch  26: validation
../../test/adni_cn/parietal_lobe/0/parietal_lobe
Ages saved
Features saved
    Epoch 26: training mse loss = 51.126 / validation mse loss = 48.136
    Epoch 26: training mae loss = 5.859 / validation mae loss = 5.465

Epoch  27: training
Epoch: 27, duration for training: 0.77 minutes

Epoch  27: validation
../../test/adni_cn/parietal_lobe/0/parietal_lobe
Ages saved
Features saved
    Epoch 27: training mse loss = 53.992 / validation mse loss = 53.218
    Epoch 27: training mae loss = 5.957 / validation mae loss = 5.516

Epoch  28: training
Epoch: 28, duration for training: 0.66 minutes

Epoch  28: validation
../../test/adni_cn/parietal_lobe/0/parietal_lobe
Ages saved
Features saved
    Epoch 28: training mse loss = 52.684 / validation mse loss = 50.898
    Epoch 28: training mae loss = 5.952 / validation mae loss = 5.746

Epoch  29: training
Epoch: 29, duration for training: 0.69 minutes

Epoch  29: validation
../../test/adni_cn/parietal_lobe/0/parietal_lobe
Ages saved
Features saved
    Epoch 29: training mse loss = 51.051 / validation mse loss = 52.582
    Epoch 29: training mae loss = 5.806 / validation mae loss = 5.502

Epoch  30: training
Epoch: 30, duration for training: 0.68 minutes

Epoch  30: validation
../../test/adni_cn/parietal_lobe/0/parietal_lobe
Ages saved
Features saved
    Epoch 30: training mse loss = 52.348 / validation mse loss = 49.313
    Epoch 30: training mae loss = 5.777 / validation mae loss = 5.489

Epoch  31: training
Epoch: 31, duration for training: 0.74 minutes

Epoch  31: validation
../../test/adni_cn/parietal_lobe/0/parietal_lobe
Ages saved
Features saved
    Epoch 31: training mse loss = 48.732 / validation mse loss = 56.561
    Epoch 31: training mae loss = 5.614 / validation mae loss = 5.684

Epoch  32: training
Epoch: 32, duration for training: 0.67 minutes

Epoch  32: validation
../../test/adni_cn/parietal_lobe/0/parietal_lobe
Ages saved
Features saved
    Epoch 32: training mse loss = 53.048 / validation mse loss = 57.446
    Epoch 32: training mae loss = 5.924 / validation mae loss = 6.314

Epoch  33: training
Epoch: 33, duration for training: 0.68 minutes

Epoch  33: validation
../../test/adni_cn/parietal_lobe/0/parietal_lobe
Ages saved
Features saved
    Epoch 33: training mse loss = 54.325 / validation mse loss = 52.762
    Epoch 33: training mae loss = 6.042 / validation mae loss = 5.901

Epoch  34: training
Epoch: 34, duration for training: 0.69 minutes

Epoch  34: validation
../../test/adni_cn/parietal_lobe/0/parietal_lobe
Ages saved
Features saved
    Epoch 34: training mse loss = 52.349 / validation mse loss = 50.352
    Epoch 34: training mae loss = 5.884 / validation mae loss = 5.603

Epoch  35: training
Epoch: 35, duration for training: 0.69 minutes

Epoch  35: validation
../../test/adni_cn/parietal_lobe/0/parietal_lobe
Ages saved
Features saved
    Epoch 35: training mse loss = 54.924 / validation mse loss = 51.654
    Epoch 35: training mae loss = 6.039 / validation mae loss = 5.475

Epoch  36: training
Epoch: 36, duration for training: 0.68 minutes

Epoch  36: validation
../../test/adni_cn/parietal_lobe/0/parietal_lobe
Ages saved
Features saved
    Epoch 36: training mse loss = 51.969 / validation mse loss = 49.848
    Epoch 36: training mae loss = 5.866 / validation mae loss = 5.486

Epoch  37: training
Epoch: 37, duration for training: 0.69 minutes

Epoch  37: validation
../../test/adni_cn/parietal_lobe/0/parietal_lobe
Ages saved
Features saved
    Epoch 37: training mse loss = 52.270 / validation mse loss = 52.355
    Epoch 37: training mae loss = 5.880 / validation mae loss = 5.906

Epoch  38: training
Epoch: 38, duration for training: 0.66 minutes

Epoch  38: validation
../../test/adni_cn/parietal_lobe/0/parietal_lobe
Ages saved
Features saved
    Epoch 38: training mse loss = 51.189 / validation mse loss = 52.900
    Epoch 38: training mae loss = 5.811 / validation mae loss = 5.969

Epoch  39: training
Epoch: 39, duration for training: 0.67 minutes

Epoch  39: validation
../../test/adni_cn/parietal_lobe/0/parietal_lobe
Ages saved
Features saved
    Epoch 39: training mse loss = 50.926 / validation mse loss = 53.218
    Epoch 39: training mae loss = 5.671 / validation mae loss = 5.451

Epoch  40: training
Epoch: 40, duration for training: 0.66 minutes

Epoch  40: validation
../../test/adni_cn/parietal_lobe/0/parietal_lobe
Ages saved
Features saved
    Epoch 40: training mse loss = 60.024 / validation mse loss = 53.501
    Epoch 40: training mae loss = 6.050 / validation mae loss = 5.527
[ End of Epoch ]
Epoch: 40, duration for validation: 0.17 minutes
train_mse_list:  [790.3772453251531, 55.21267425205748, 53.909557374857236, 121.67537333601612, 74.79650991245852, 55.50213715989711, 48.80762071023553, 53.51617200495833, 129.85709544157578, 55.75486170639426, 52.48083519733558, 52.9144334712271, 49.75572443008423, 52.06600465612897, 49.52751580739425, 51.81983949774403, 52.43683035494917, 52.36198544098159, 52.03368104918528, 51.81824362075935, 53.028748061697364, 50.991770317998984, 51.93815940921589, 53.497442657159546, 52.76689375457117, 51.12640087887392, 53.99212497169689, 52.68405574055041, 51.05097133022244, 52.34826534077273, 48.73176784333536, 53.047537209623954, 54.3246540134236, 52.34874588756238, 54.9237545991348, 51.968985363588494, 52.26972459938567, 51.18927878141403, 50.92589801852986, 60.023999823352035]
train_mae_list:  [19.64560914443711, 6.018322290000269, 5.903793609748452, 7.105825197898735, 6.922340918395479, 6.0020015765044645, 5.627949140839657, 5.982212317191948, 7.86171045141705, 6.0437649306604415, 5.888506557981847, 5.838211051488327, 5.716976125361556, 5.844097387992729, 5.664578397395247, 5.859760825916872, 5.923989352533373, 5.842801764859992, 5.793032848228843, 5.823396529181529, 5.906148546833103, 5.732317673957954, 5.793932357076871, 5.915338928416624, 5.845711910118491, 5.859495219537767, 5.957328788304733, 5.951797816712977, 5.805964962910798, 5.776586799298302, 5.614145788095765, 5.923713239572816, 6.04171984882678, 5.8837923033762785, 6.03909831127878, 5.865950107574463, 5.8802767850584905, 5.811418509079238, 5.671112602039919, 6.04962103245622]
valid_mse_list:  [52.738695817657664, 71.55756069135062, 52.18621565420416, 296.3864875986606, 56.78679333457464, 59.204573800292195, 50.59867287889312, 47.59341624416882, 60.90671693826024, 50.52133345302147, 52.655829176118104, 55.201406708246544, 56.75223618519457, 49.337515601628944, 50.01763716830483, 52.359302786332144, 52.09115083911751, 61.03459291820285, 50.56733004050919, 50.58018560349187, 50.68220383004297, 51.23960521553136, 50.852945158753215, 55.33270362660855, 49.229486272304875, 48.135898143430296, 53.21774781504764, 50.89829982685137, 52.58183380320102, 49.31309578086756, 56.56136442739752, 57.44642258897613, 52.7619763627837, 50.35185244717175, 51.65424161621287, 49.84843388086633, 52.35502638997911, 52.900238785562635, 53.21817163274258, 53.50122679939753]
valid_mae_list:  [5.462420523921145, 6.564470629148845, 5.506929397583008, 15.221106541307666, 6.229852869540831, 5.859898506840573, 5.875091238866879, 5.523053881488269, 5.90626692470116, 5.5864532325841205, 5.499612373641774, 5.628472412688823, 5.710571216631539, 5.493684334090993, 5.750576622878449, 5.478135579748999, 5.47889518737793, 5.9329551262191575, 5.6917056071607375, 5.609028224703632, 5.7162930693807485, 5.440145878852168, 5.42297983773147, 6.156999491438081, 5.489776297460629, 5.465471460849424, 5.515944927553587, 5.745894637288926, 5.5020640650882, 5.489022098010099, 5.684147339832934, 6.3144159679171405, 5.900957059256638, 5.602604033071784, 5.4751547077034095, 5.486271218408512, 5.906294158742398, 5.969397025772288, 5.45094890835919, 5.526634578463398]

Elapsed time for one epoch in cv: 29 minutes

<<< StratifiedKFold: 2/4 >>>
Train Dataset & Validation Dataset size:  118 40
[  0   2   4  14  20  25  26  28  31  40  41  43  54  56  58  59  62  65
  66  71  74  79  80  81  84  86  87  89  90  96 103 111 113 114 118 119
 120 124 129 136 138 145 147 148 150 158 162 164 165 166 170 172 173 174
 177 179 188 194 209 216 217 218 221 226 227 248 256 259 264 275 277 278
 280 281 283 285 291 292 293 300 301 304 306 307 316 318 323 324 327 328
 329 330 340 344 346 354 355 360 371 372 376 377 379 383 385 386 403 404
 407 409 410 414 418 419 425 426 441 446 451 461 463 467 477 489 490 492
 498 504 506 507 518 523 527 529 532 533 536 538 541 547 548 552 557 558
 560 562 571 574 576 587 590 591 594 601 603 608 617 621]
[ Start ]

Epoch   1: training
Epoch: 1, duration for training: 0.55 minutes

Epoch   1: validation
../../test/adni_cn/parietal_lobe/1/parietal_lobe
Ages saved
Features saved
    Epoch  1: training mse loss = 562.045 / validation mse loss = 97.971
    Epoch  1: training mae loss = 15.118 / validation mae loss = 7.621

Epoch   2: training
Epoch: 2, duration for training: 0.67 minutes

Epoch   2: validation
../../test/adni_cn/parietal_lobe/1/parietal_lobe
Ages saved
Features saved
    Epoch  2: training mse loss = 75.544 / validation mse loss = 98.683
    Epoch  2: training mae loss = 6.959 / validation mae loss = 7.841

Epoch   3: training
Epoch: 3, duration for training: 0.67 minutes

Epoch   3: validation
../../test/adni_cn/parietal_lobe/1/parietal_lobe
Ages saved
Features saved
    Epoch  3: training mse loss = 52.647 / validation mse loss = 50.747
    Epoch  3: training mae loss = 5.673 / validation mae loss = 5.753

Epoch   4: training
Epoch: 4, duration for training: 0.67 minutes

Epoch   4: validation
../../test/adni_cn/parietal_lobe/1/parietal_lobe
Ages saved
Features saved
    Epoch  4: training mse loss = 51.195 / validation mse loss = 50.304
    Epoch  4: training mae loss = 5.681 / validation mae loss = 5.721

Epoch   5: training
Epoch: 5, duration for training: 0.69 minutes

Epoch   5: validation
../../test/adni_cn/parietal_lobe/1/parietal_lobe
Ages saved
Features saved
    Epoch  5: training mse loss = 46.456 / validation mse loss = 48.164
    Epoch  5: training mae loss = 5.431 / validation mae loss = 5.653

Epoch   6: training
Epoch: 6, duration for training: 0.82 minutes

Epoch   6: validation
../../test/adni_cn/parietal_lobe/1/parietal_lobe
Ages saved
Features saved
    Epoch  6: training mse loss = 43.263 / validation mse loss = 56.517
    Epoch  6: training mae loss = 5.255 / validation mae loss = 5.836

Epoch   7: training
Epoch: 7, duration for training: 0.66 minutes

Epoch   7: validation
../../test/adni_cn/parietal_lobe/1/parietal_lobe
Ages saved
Features saved
    Epoch  7: training mse loss = 46.632 / validation mse loss = 67.386
    Epoch  7: training mae loss = 5.454 / validation mae loss = 6.844

Epoch   8: training
Epoch: 8, duration for training: 0.69 minutes

Epoch   8: validation
../../test/adni_cn/parietal_lobe/1/parietal_lobe
Ages saved
Features saved
    Epoch  8: training mse loss = 55.847 / validation mse loss = 59.514
    Epoch  8: training mae loss = 5.881 / validation mae loss = 6.027

Epoch   9: training
Epoch: 9, duration for training: 0.66 minutes

Epoch   9: validation
../../test/adni_cn/parietal_lobe/1/parietal_lobe
Ages saved
Features saved
    Epoch  9: training mse loss = 52.477 / validation mse loss = 53.208
    Epoch  9: training mae loss = 5.714 / validation mae loss = 5.966

Epoch  10: training
Epoch: 10, duration for training: 0.71 minutes

Epoch  10: validation
../../test/adni_cn/parietal_lobe/1/parietal_lobe
Ages saved
Features saved
    Epoch 10: training mse loss = 52.734 / validation mse loss = 51.985
    Epoch 10: training mae loss = 5.848 / validation mae loss = 5.855

Epoch  11: training
Epoch: 11, duration for training: 0.68 minutes

Epoch  11: validation
../../test/adni_cn/parietal_lobe/1/parietal_lobe
Ages saved
Features saved
    Epoch 11: training mse loss = 47.566 / validation mse loss = 69.995
    Epoch 11: training mae loss = 5.626 / validation mae loss = 6.470

Epoch  12: training
Epoch: 12, duration for training: 0.69 minutes

Epoch  12: validation
../../test/adni_cn/parietal_lobe/1/parietal_lobe
Ages saved
Features saved
    Epoch 12: training mse loss = 56.208 / validation mse loss = 54.513
    Epoch 12: training mae loss = 5.965 / validation mae loss = 6.067

Epoch  13: training
Epoch: 13, duration for training: 0.79 minutes

Epoch  13: validation
../../test/adni_cn/parietal_lobe/1/parietal_lobe
Ages saved
Features saved
    Epoch 13: training mse loss = 50.941 / validation mse loss = 54.357
    Epoch 13: training mae loss = 5.757 / validation mae loss = 5.967

Epoch  14: training
Epoch: 14, duration for training: 0.67 minutes

Epoch  14: validation
../../test/adni_cn/parietal_lobe/1/parietal_lobe
Ages saved
Features saved
    Epoch 14: training mse loss = 46.599 / validation mse loss = 68.677
    Epoch 14: training mae loss = 5.418 / validation mae loss = 6.296

Epoch  15: training
Epoch: 15, duration for training: 0.69 minutes

Epoch  15: validation
../../test/adni_cn/parietal_lobe/1/parietal_lobe
Ages saved
Features saved
    Epoch 15: training mse loss = 117.515 / validation mse loss = 56.346
    Epoch 15: training mae loss = 6.881 / validation mae loss = 6.244

Epoch  16: training
Epoch: 16, duration for training: 0.68 minutes

Epoch  16: validation
../../test/adni_cn/parietal_lobe/1/parietal_lobe
Ages saved
Features saved
    Epoch 16: training mse loss = 54.025 / validation mse loss = 61.474
    Epoch 16: training mae loss = 5.903 / validation mae loss = 6.152

Epoch  17: training
Epoch: 17, duration for training: 1.06 minutes

Epoch  17: validation
../../test/adni_cn/parietal_lobe/1/parietal_lobe
Ages saved
Features saved
    Epoch 17: training mse loss = 52.108 / validation mse loss = 69.122
    Epoch 17: training mae loss = 5.832 / validation mae loss = 6.468

Epoch  18: training
Epoch: 18, duration for training: 0.76 minutes

Epoch  18: validation
../../test/adni_cn/parietal_lobe/1/parietal_lobe
Ages saved
Features saved
    Epoch 18: training mse loss = 91.192 / validation mse loss = 55.556
    Epoch 18: training mae loss = 6.574 / validation mae loss = 6.165

Epoch  19: training
Epoch: 19, duration for training: 0.73 minutes

Epoch  19: validation
../../test/adni_cn/parietal_lobe/1/parietal_lobe
Ages saved
Features saved
    Epoch 19: training mse loss = 97.482 / validation mse loss = 76.042
    Epoch 19: training mae loss = 6.869 / validation mae loss = 7.331

Epoch  20: training
Epoch: 20, duration for training: 0.97 minutes

Epoch  20: validation
../../test/adni_cn/parietal_lobe/1/parietal_lobe
Ages saved
Features saved
    Epoch 20: training mse loss = 54.172 / validation mse loss = 62.513
    Epoch 20: training mae loss = 5.883 / validation mae loss = 6.167

Epoch  21: training
Epoch: 21, duration for training: 0.71 minutes

Epoch  21: validation
../../test/adni_cn/parietal_lobe/1/parietal_lobe
Ages saved
Features saved
    Epoch 21: training mse loss = 51.712 / validation mse loss = 60.556
    Epoch 21: training mae loss = 5.700 / validation mae loss = 6.129

Epoch  22: training
Epoch: 22, duration for training: 0.73 minutes

Epoch  22: validation
../../test/adni_cn/parietal_lobe/1/parietal_lobe
Ages saved
Features saved
    Epoch 22: training mse loss = 51.041 / validation mse loss = 56.268
    Epoch 22: training mae loss = 5.738 / validation mae loss = 6.077

Epoch  23: training
Epoch: 23, duration for training: 0.74 minutes

Epoch  23: validation
../../test/adni_cn/parietal_lobe/1/parietal_lobe
Ages saved
Features saved
    Epoch 23: training mse loss = 78.551 / validation mse loss = 58.367
    Epoch 23: training mae loss = 6.871 / validation mae loss = 6.016

Epoch  24: training
Epoch: 24, duration for training: 0.73 minutes

Epoch  24: validation
../../test/adni_cn/parietal_lobe/1/parietal_lobe
Ages saved
Features saved
    Epoch 24: training mse loss = 53.378 / validation mse loss = 62.724
    Epoch 24: training mae loss = 5.843 / validation mae loss = 6.169

Epoch  25: training
Epoch: 25, duration for training: 0.68 minutes

Epoch  25: validation
../../test/adni_cn/parietal_lobe/1/parietal_lobe
Ages saved
Features saved
    Epoch 25: training mse loss = 51.185 / validation mse loss = 62.822
    Epoch 25: training mae loss = 5.707 / validation mae loss = 6.163

Epoch  26: training
Epoch: 26, duration for training: 1.29 minutes

Epoch  26: validation
../../test/adni_cn/parietal_lobe/1/parietal_lobe
Ages saved
Features saved
    Epoch 26: training mse loss = 51.473 / validation mse loss = 55.553
    Epoch 26: training mae loss = 5.732 / validation mae loss = 6.097

Epoch  27: training
Epoch: 27, duration for training: 0.92 minutes

Epoch  27: validation
../../test/adni_cn/parietal_lobe/1/parietal_lobe
Ages saved
Features saved
    Epoch 27: training mse loss = 50.789 / validation mse loss = 57.414
    Epoch 27: training mae loss = 5.698 / validation mae loss = 6.051

Epoch  28: training
Epoch: 28, duration for training: 0.74 minutes

Epoch  28: validation
../../test/adni_cn/parietal_lobe/1/parietal_lobe
Ages saved
Features saved
    Epoch 28: training mse loss = 51.460 / validation mse loss = 55.783
    Epoch 28: training mae loss = 5.750 / validation mae loss = 6.082

Epoch  29: training
Epoch: 29, duration for training: 0.71 minutes

Epoch  29: validation
../../test/adni_cn/parietal_lobe/1/parietal_lobe
Ages saved
Features saved
    Epoch 29: training mse loss = 49.196 / validation mse loss = 70.645
    Epoch 29: training mae loss = 5.617 / validation mae loss = 6.527

Epoch  30: training
Epoch: 30, duration for training: 1.10 minutes

Epoch  30: validation
../../test/adni_cn/parietal_lobe/1/parietal_lobe
Ages saved
Features saved
    Epoch 30: training mse loss = 51.862 / validation mse loss = 55.424
    Epoch 30: training mae loss = 5.765 / validation mae loss = 6.063

Epoch  31: training
Epoch: 31, duration for training: 0.67 minutes

Epoch  31: validation
../../test/adni_cn/parietal_lobe/1/parietal_lobe
Ages saved
Features saved
    Epoch 31: training mse loss = 48.023 / validation mse loss = 62.985
    Epoch 31: training mae loss = 5.625 / validation mae loss = 6.173

Epoch  32: training
Epoch: 32, duration for training: 0.89 minutes

Epoch  32: validation
../../test/adni_cn/parietal_lobe/1/parietal_lobe
Ages saved
Features saved
    Epoch 32: training mse loss = 48.042 / validation mse loss = 53.124
    Epoch 32: training mae loss = 5.519 / validation mae loss = 6.005

Epoch  33: training
Epoch: 33, duration for training: 1.26 minutes

Epoch  33: validation
../../test/adni_cn/parietal_lobe/1/parietal_lobe
Ages saved
Features saved
    Epoch 33: training mse loss = 54.368 / validation mse loss = 55.901
    Epoch 33: training mae loss = 5.860 / validation mae loss = 6.207

Epoch  34: training
Epoch: 34, duration for training: 1.41 minutes

Epoch  34: validation
../../test/adni_cn/parietal_lobe/1/parietal_lobe
Ages saved
Features saved
    Epoch 34: training mse loss = 51.302 / validation mse loss = 56.407
    Epoch 34: training mae loss = 5.684 / validation mae loss = 6.064

Epoch  35: training
Epoch: 35, duration for training: 0.72 minutes

Epoch  35: validation
../../test/adni_cn/parietal_lobe/1/parietal_lobe
Ages saved
Features saved
    Epoch 35: training mse loss = 49.996 / validation mse loss = 54.963
    Epoch 35: training mae loss = 5.644 / validation mae loss = 6.068

Epoch  36: training
Epoch: 36, duration for training: 0.75 minutes

Epoch  36: validation
../../test/adni_cn/parietal_lobe/1/parietal_lobe
Ages saved
Features saved
    Epoch 36: training mse loss = 51.148 / validation mse loss = 58.883
    Epoch 36: training mae loss = 5.816 / validation mae loss = 6.053

Epoch  37: training
Epoch: 37, duration for training: 0.69 minutes

Epoch  37: validation
../../test/adni_cn/parietal_lobe/1/parietal_lobe
Ages saved
Features saved
    Epoch 37: training mse loss = 49.518 / validation mse loss = 54.074
    Epoch 37: training mae loss = 5.591 / validation mae loss = 5.967

Epoch  38: training
Epoch: 38, duration for training: 0.74 minutes

Epoch  38: validation
../../test/adni_cn/parietal_lobe/1/parietal_lobe
Ages saved
Features saved
    Epoch 38: training mse loss = 49.339 / validation mse loss = 57.518
    Epoch 38: training mae loss = 5.590 / validation mae loss = 6.047

Epoch  39: training
Epoch: 39, duration for training: 0.67 minutes

Epoch  39: validation
../../test/adni_cn/parietal_lobe/1/parietal_lobe
Ages saved
Features saved
    Epoch 39: training mse loss = 51.753 / validation mse loss = 56.908
    Epoch 39: training mae loss = 5.745 / validation mae loss = 6.067

Epoch  40: training
Epoch: 40, duration for training: 0.67 minutes

Epoch  40: validation
../../test/adni_cn/parietal_lobe/1/parietal_lobe
Ages saved
Features saved
    Epoch 40: training mse loss = 50.579 / validation mse loss = 57.672
    Epoch 40: training mae loss = 5.692 / validation mae loss = 6.049
[ End of Epoch ]
Epoch: 40, duration for validation: 0.20 minutes
train_mse_list:  [562.0452733928875, 75.54434920468573, 52.64673618138847, 51.19469323602773, 46.45625555515289, 43.26253255343033, 46.63225002410048, 55.847470507783406, 52.47737310296398, 52.73426613161119, 47.56642742480262, 56.20807922492593, 50.94113906763368, 46.598567606028865, 117.5148856680272, 54.02532890085447, 52.10766238277241, 91.1915205070528, 97.48222396636413, 54.1716827457234, 51.7119430667263, 51.041167727971484, 78.55101486686932, 53.37802451747959, 51.18476915713084, 51.4730606129614, 50.78942272925781, 51.460040956230486, 49.195625729480035, 51.86155455799426, 48.023406744003296, 48.04218706438097, 54.36834167019796, 51.302125057931676, 49.99598262875767, 51.14762770725509, 49.51785369646751, 49.339089240057994, 51.75341881129701, 50.57877019704399]
train_mae_list:  [15.117517212689933, 6.958986015643104, 5.673253576634294, 5.68103816953756, 5.4306776806459585, 5.255108081688316, 5.454269231376001, 5.880944058046502, 5.714487649626651, 5.8478425963450285, 5.625529458967306, 5.964667894072452, 5.756544638488252, 5.418172343302581, 6.881286758487508, 5.902601929034217, 5.8319212460921985, 6.57404005729546, 6.868540004148322, 5.882823046991381, 5.700344530202575, 5.738259533704338, 6.871038954136735, 5.842985953314829, 5.707307645830057, 5.732141341193247, 5.698385650828733, 5.749843120574951, 5.616720159175032, 5.7650318711490955, 5.625326180862168, 5.519404451725847, 5.859607785435046, 5.684251243785276, 5.6435723304748535, 5.816340001962953, 5.590979551864883, 5.590217986349332, 5.74485643839432, 5.6924506930981655]
valid_mse_list:  [97.9709637074531, 98.68285806873176, 50.74724607829806, 50.30357293841205, 48.163731164570095, 56.51654639425157, 67.38565845730939, 59.51352824440485, 53.20806700670266, 51.984871333158466, 69.99485817438439, 54.51301785964, 54.35711019250411, 68.67749646947354, 56.34587258930448, 61.47406660152387, 69.12196362169483, 55.555660634101194, 76.04178591619564, 62.51251167587087, 60.555699046654034, 56.26766935179505, 58.36687579336046, 62.72422853300843, 62.82248429407047, 55.55324401131159, 57.4135661064824, 55.78285360336304, 70.64454172834566, 55.42380890665175, 62.98507755617552, 53.12434734875643, 55.90085704417168, 56.40683970873869, 54.96332234974149, 58.88302032857002, 54.07442866699605, 57.517802733409255, 56.908258244961125, 57.672367699538604]
valid_mae_list:  [7.620583836036392, 7.8413810971417, 5.753478303740296, 5.721252706986439, 5.653372052349622, 5.836087697668921, 6.8439164704914335, 6.026534478875655, 5.965699232077297, 5.855077550381044, 6.469669028173519, 6.067374434652208, 5.967278130446808, 6.295550020435188, 6.24411742294891, 6.15190044837662, 6.468313024013857, 6.165231221838843, 7.330719259720814, 6.167324669753449, 6.128811534447006, 6.076840678347817, 6.016497382634802, 6.168547545807271, 6.163203058363516, 6.097012411189985, 6.051124307173717, 6.081717744658265, 6.5273130634163, 6.0630392002154, 6.173123637332192, 6.004764243017269, 6.207439157027233, 6.063750906835629, 6.068334144882009, 6.053385022320325, 5.9669516116757935, 6.046904817412171, 6.067350484147856, 6.0485260154627545]

Elapsed time for one epoch in cv: 32 minutes

<<< StratifiedKFold: 3/4 >>>
Train Dataset & Validation Dataset size:  119 40
[  1   7   8   9  11  15  16  18  24  27  34  36  37  48  61  64  67  69
  73  78  88  91  93  94 102 104 105 122 125 126 127 128 133 135 139 143
 144 149 153 156 157 160 163 171 176 178 181 184 198 205 206 207 208 210
 212 223 231 237 238 241 246 251 253 254 255 263 265 266 267 268 269 274
 287 295 296 298 302 303 310 311 314 322 326 334 341 347 350 353 358 359
 362 363 364 369 375 380 381 394 397 405 416 417 423 427 428 429 431 435
 436 440 445 447 449 450 455 457 466 470 472 473 482 491 499 501 505 508
 510 517 520 521 525 526 528 530 539 540 542 543 549 555 556 561 563 564
 570 573 578 580 581 606 610 612 613 616 619 622 624]
[ Start ]

Epoch   1: training
Epoch: 1, duration for training: 0.55 minutes

Epoch   1: validation
../../test/adni_cn/parietal_lobe/2/parietal_lobe
Ages saved
Features saved
    Epoch  1: training mse loss = 429.330 / validation mse loss = 54.327
    Epoch  1: training mae loss = 12.363 / validation mae loss = 5.761

Epoch   2: training
Epoch: 2, duration for training: 0.73 minutes

Epoch   2: validation
../../test/adni_cn/parietal_lobe/2/parietal_lobe
Ages saved
Features saved
    Epoch  2: training mse loss = 61.787 / validation mse loss = 44.294
    Epoch  2: training mae loss = 6.375 / validation mae loss = 5.259

Epoch   3: training
Epoch: 3, duration for training: 0.69 minutes

Epoch   3: validation
../../test/adni_cn/parietal_lobe/2/parietal_lobe
Ages saved
Features saved
    Epoch  3: training mse loss = 59.845 / validation mse loss = 53.714
    Epoch  3: training mae loss = 6.240 / validation mae loss = 6.097

Epoch   4: training
Epoch: 4, duration for training: 0.73 minutes

Epoch   4: validation
../../test/adni_cn/parietal_lobe/2/parietal_lobe
Ages saved
Features saved
    Epoch  4: training mse loss = 217.921 / validation mse loss = 46.672
    Epoch  4: training mae loss = 8.908 / validation mae loss = 5.501

Epoch   5: training
Epoch: 5, duration for training: 0.68 minutes

Epoch   5: validation
../../test/adni_cn/parietal_lobe/2/parietal_lobe
Ages saved
Features saved
    Epoch  5: training mse loss = 60.511 / validation mse loss = 49.459
    Epoch  5: training mae loss = 6.208 / validation mae loss = 5.828

Epoch   6: training
Epoch: 6, duration for training: 0.96 minutes

Epoch   6: validation
../../test/adni_cn/parietal_lobe/2/parietal_lobe
Ages saved
Features saved
    Epoch  6: training mse loss = 52.613 / validation mse loss = 50.943
    Epoch  6: training mae loss = 5.831 / validation mae loss = 5.903

Epoch   7: training
Epoch: 7, duration for training: 0.66 minutes

Epoch   7: validation
../../test/adni_cn/parietal_lobe/2/parietal_lobe
Ages saved
Features saved
    Epoch  7: training mse loss = 57.512 / validation mse loss = 50.386
    Epoch  7: training mae loss = 5.955 / validation mae loss = 5.912

Epoch   8: training
Epoch: 8, duration for training: 0.71 minutes

Epoch   8: validation
../../test/adni_cn/parietal_lobe/2/parietal_lobe
Ages saved
Features saved
    Epoch  8: training mse loss = 57.342 / validation mse loss = 51.356
    Epoch  8: training mae loss = 6.075 / validation mae loss = 5.956

Epoch   9: training
Epoch: 9, duration for training: 0.68 minutes

Epoch   9: validation
../../test/adni_cn/parietal_lobe/2/parietal_lobe
Ages saved
Features saved
    Epoch  9: training mse loss = 53.938 / validation mse loss = 46.661
    Epoch  9: training mae loss = 5.941 / validation mae loss = 5.628

Epoch  10: training
Epoch: 10, duration for training: 0.73 minutes

Epoch  10: validation
../../test/adni_cn/parietal_lobe/2/parietal_lobe
Ages saved
Features saved
    Epoch 10: training mse loss = 52.902 / validation mse loss = 61.981
    Epoch 10: training mae loss = 5.855 / validation mae loss = 6.560

Epoch  11: training
Epoch: 11, duration for training: 0.68 minutes

Epoch  11: validation
../../test/adni_cn/parietal_lobe/2/parietal_lobe
Ages saved
Features saved
    Epoch 11: training mse loss = 55.004 / validation mse loss = 47.502
    Epoch 11: training mae loss = 5.873 / validation mae loss = 5.690

Epoch  12: training
Epoch: 12, duration for training: 0.75 minutes

Epoch  12: validation
../../test/adni_cn/parietal_lobe/2/parietal_lobe
Ages saved
Features saved
    Epoch 12: training mse loss = 92.410 / validation mse loss = 51.863
    Epoch 12: training mae loss = 6.928 / validation mae loss = 5.997

Epoch  13: training
Epoch: 13, duration for training: 0.69 minutes

Epoch  13: validation
../../test/adni_cn/parietal_lobe/2/parietal_lobe
Ages saved
Features saved
    Epoch 13: training mse loss = 55.999 / validation mse loss = 46.059
    Epoch 13: training mae loss = 6.108 / validation mae loss = 5.535

Epoch  14: training
Epoch: 14, duration for training: 0.67 minutes

Epoch  14: validation
../../test/adni_cn/parietal_lobe/2/parietal_lobe
Ages saved
Features saved
    Epoch 14: training mse loss = 60.216 / validation mse loss = 49.652
    Epoch 14: training mae loss = 6.198 / validation mae loss = 5.857

Epoch  15: training
Epoch: 15, duration for training: 0.67 minutes

Epoch  15: validation
../../test/adni_cn/parietal_lobe/2/parietal_lobe
Ages saved
Features saved
    Epoch 15: training mse loss = 55.412 / validation mse loss = 46.758
    Epoch 15: training mae loss = 5.977 / validation mae loss = 5.482

Epoch  16: training
Epoch: 16, duration for training: 0.70 minutes

Epoch  16: validation
../../test/adni_cn/parietal_lobe/2/parietal_lobe
Ages saved
Features saved
    Epoch 16: training mse loss = 53.893 / validation mse loss = 46.028
    Epoch 16: training mae loss = 5.856 / validation mae loss = 5.527

Epoch  17: training
Epoch: 17, duration for training: 0.71 minutes

Epoch  17: validation
../../test/adni_cn/parietal_lobe/2/parietal_lobe
Ages saved
Features saved
    Epoch 17: training mse loss = 53.507 / validation mse loss = 73.799
    Epoch 17: training mae loss = 5.834 / validation mae loss = 7.198

Epoch  18: training
Epoch: 18, duration for training: 0.67 minutes

Epoch  18: validation
../../test/adni_cn/parietal_lobe/2/parietal_lobe
Ages saved
Features saved
    Epoch 18: training mse loss = 55.337 / validation mse loss = 50.624
    Epoch 18: training mae loss = 5.896 / validation mae loss = 5.912

Epoch  19: training
Epoch: 19, duration for training: 0.71 minutes

Epoch  19: validation
../../test/adni_cn/parietal_lobe/2/parietal_lobe
Ages saved
Features saved
    Epoch 19: training mse loss = 56.400 / validation mse loss = 54.593
    Epoch 19: training mae loss = 6.043 / validation mae loss = 6.168

Epoch  20: training
Epoch: 20, duration for training: 0.71 minutes

Epoch  20: validation
../../test/adni_cn/parietal_lobe/2/parietal_lobe
Ages saved
Features saved
    Epoch 20: training mse loss = 54.663 / validation mse loss = 59.664
    Epoch 20: training mae loss = 5.996 / validation mae loss = 6.465

Epoch  21: training
Epoch: 21, duration for training: 0.68 minutes

Epoch  21: validation
../../test/adni_cn/parietal_lobe/2/parietal_lobe
Ages saved
Features saved
    Epoch 21: training mse loss = 53.031 / validation mse loss = 56.561
    Epoch 21: training mae loss = 5.890 / validation mae loss = 6.292

Epoch  22: training
Epoch: 22, duration for training: 0.69 minutes

Epoch  22: validation
../../test/adni_cn/parietal_lobe/2/parietal_lobe
Ages saved
Features saved
    Epoch 22: training mse loss = 55.129 / validation mse loss = 46.421
    Epoch 22: training mae loss = 5.961 / validation mae loss = 5.607

Epoch  23: training
Epoch: 23, duration for training: 0.72 minutes

Epoch  23: validation
../../test/adni_cn/parietal_lobe/2/parietal_lobe
Ages saved
Features saved
    Epoch 23: training mse loss = 53.610 / validation mse loss = 46.203
    Epoch 23: training mae loss = 5.913 / validation mae loss = 5.584

Epoch  24: training
Epoch: 24, duration for training: 0.71 minutes

Epoch  24: validation
../../test/adni_cn/parietal_lobe/2/parietal_lobe
Ages saved
Features saved
    Epoch 24: training mse loss = 53.481 / validation mse loss = 46.817
    Epoch 24: training mae loss = 5.885 / validation mae loss = 5.446

Epoch  25: training
Epoch: 25, duration for training: 0.67 minutes

Epoch  25: validation
../../test/adni_cn/parietal_lobe/2/parietal_lobe
Ages saved
Features saved
    Epoch 25: training mse loss = 52.332 / validation mse loss = 68.480
    Epoch 25: training mae loss = 5.789 / validation mae loss = 6.915

Epoch  26: training
Epoch: 26, duration for training: 0.69 minutes

Epoch  26: validation
../../test/adni_cn/parietal_lobe/2/parietal_lobe
Ages saved
Features saved
    Epoch 26: training mse loss = 56.707 / validation mse loss = 46.189
    Epoch 26: training mae loss = 6.022 / validation mae loss = 5.582

Epoch  27: training
Epoch: 27, duration for training: 0.69 minutes

Epoch  27: validation
../../test/adni_cn/parietal_lobe/2/parietal_lobe
Ages saved
Features saved
    Epoch 27: training mse loss = 54.098 / validation mse loss = 47.828
    Epoch 27: training mae loss = 5.903 / validation mae loss = 5.722

Epoch  28: training
Epoch: 28, duration for training: 0.69 minutes

Epoch  28: validation
../../test/adni_cn/parietal_lobe/2/parietal_lobe
Ages saved
Features saved
    Epoch 28: training mse loss = 55.083 / validation mse loss = 51.516
    Epoch 28: training mae loss = 5.930 / validation mae loss = 5.966

Epoch  29: training
Epoch: 29, duration for training: 0.69 minutes

Epoch  29: validation
../../test/adni_cn/parietal_lobe/2/parietal_lobe
Ages saved
Features saved
    Epoch 29: training mse loss = 54.263 / validation mse loss = 47.122
    Epoch 29: training mae loss = 5.919 / validation mae loss = 5.671

Epoch  30: training
Epoch: 30, duration for training: 0.71 minutes

Epoch  30: validation
../../test/adni_cn/parietal_lobe/2/parietal_lobe
Ages saved
Features saved
    Epoch 30: training mse loss = 52.518 / validation mse loss = 47.345
    Epoch 30: training mae loss = 5.829 / validation mae loss = 5.680

Epoch  31: training
Epoch: 31, duration for training: 0.71 minutes

Epoch  31: validation
../../test/adni_cn/parietal_lobe/2/parietal_lobe
Ages saved
Features saved
    Epoch 31: training mse loss = 52.670 / validation mse loss = 45.359
    Epoch 31: training mae loss = 5.801 / validation mae loss = 5.501

Epoch  32: training
Epoch: 32, duration for training: 0.73 minutes

Epoch  32: validation
../../test/adni_cn/parietal_lobe/2/parietal_lobe
Ages saved
Features saved
    Epoch 32: training mse loss = 53.349 / validation mse loss = 46.253
    Epoch 32: training mae loss = 5.894 / validation mae loss = 5.421

Epoch  33: training
Epoch: 33, duration for training: 0.71 minutes

Epoch  33: validation
../../test/adni_cn/parietal_lobe/2/parietal_lobe
Ages saved
Features saved
    Epoch 33: training mse loss = 51.860 / validation mse loss = 56.651
    Epoch 33: training mae loss = 5.788 / validation mae loss = 6.270

Epoch  34: training
Epoch: 34, duration for training: 0.69 minutes

Epoch  34: validation
../../test/adni_cn/parietal_lobe/2/parietal_lobe
Ages saved
Features saved
    Epoch 34: training mse loss = 56.959 / validation mse loss = 46.362
    Epoch 34: training mae loss = 6.121 / validation mae loss = 5.546

Epoch  35: training
Epoch: 35, duration for training: 0.67 minutes

Epoch  35: validation
../../test/adni_cn/parietal_lobe/2/parietal_lobe
Ages saved
Features saved
    Epoch 35: training mse loss = 52.940 / validation mse loss = 56.817
    Epoch 35: training mae loss = 5.821 / validation mae loss = 6.309

Epoch  36: training
Epoch: 36, duration for training: 0.70 minutes

Epoch  36: validation
../../test/adni_cn/parietal_lobe/2/parietal_lobe
Ages saved
Features saved
    Epoch 36: training mse loss = 53.865 / validation mse loss = 49.584
    Epoch 36: training mae loss = 5.898 / validation mae loss = 5.852

Epoch  37: training
Epoch: 37, duration for training: 0.68 minutes

Epoch  37: validation
../../test/adni_cn/parietal_lobe/2/parietal_lobe
Ages saved
Features saved
    Epoch 37: training mse loss = 53.069 / validation mse loss = 46.328
    Epoch 37: training mae loss = 5.861 / validation mae loss = 5.600

Epoch  38: training
Epoch: 38, duration for training: 0.72 minutes

Epoch  38: validation
../../test/adni_cn/parietal_lobe/2/parietal_lobe
Ages saved
Features saved
    Epoch 38: training mse loss = 53.500 / validation mse loss = 57.819
    Epoch 38: training mae loss = 5.830 / validation mae loss = 6.362

Epoch  39: training
Epoch: 39, duration for training: 0.70 minutes

Epoch  39: validation
../../test/adni_cn/parietal_lobe/2/parietal_lobe
Ages saved
Features saved
    Epoch 39: training mse loss = 51.953 / validation mse loss = 52.843
    Epoch 39: training mae loss = 5.800 / validation mae loss = 6.047

Epoch  40: training
Epoch: 40, duration for training: 0.89 minutes

Epoch  40: validation
../../test/adni_cn/parietal_lobe/2/parietal_lobe
Ages saved
Features saved
    Epoch 40: training mse loss = 55.629 / validation mse loss = 48.798
    Epoch 40: training mae loss = 5.999 / validation mae loss = 5.797
[ End of Epoch ]
Epoch: 40, duration for validation: 0.19 minutes
train_mse_list:  [429.32952050099163, 61.78652854096814, 59.84521662306836, 217.9210007921586, 60.51050320034551, 52.61317231539188, 57.5122432365982, 57.34225883846807, 53.93789042176454, 52.901745826446984, 55.00404246614549, 92.41026953083264, 55.999492050477365, 60.21595191552321, 55.41192353149801, 53.893490284618316, 53.506690039443164, 55.336638626034116, 56.39994163795455, 54.66292013224789, 53.03105213576593, 55.12924284297367, 53.60984332616939, 53.48057943267499, 52.33220662123053, 56.707047024942604, 54.097521033902, 55.08344599358879, 54.26340322917914, 52.51826784121814, 52.66981143830443, 53.34858543020978, 51.86036681372822, 56.95913278552493, 52.93983913476069, 53.86510489909392, 53.06918804338064, 53.500185226537205, 51.952613072465894, 55.62864026357961]
train_mae_list:  [12.36264007439321, 6.374957078607087, 6.240113820888527, 8.908206076753064, 6.207548677795281, 5.831279988520746, 5.955037445649032, 6.075241927616692, 5.9411990788723905, 5.854825735596219, 5.873400536954529, 6.927587214786457, 6.107575656495689, 6.197777939649264, 5.977272275638379, 5.85572747196254, 5.833945760263197, 5.895850473932182, 6.04317451783517, 5.995919499790442, 5.88966468020675, 5.961068748167655, 5.913328094159826, 5.884704428545769, 5.788844231571254, 6.021563088415037, 5.902993280842239, 5.930409614933974, 5.9194572884235015, 5.82914959703893, 5.800894900557859, 5.894047952857632, 5.788206475481674, 6.121011294471789, 5.820994645294125, 5.898161099778673, 5.861064902823773, 5.830481079617716, 5.799786138232112, 5.998965789601364]
valid_mse_list:  [54.32651626076668, 44.29425749809119, 53.71425844909279, 46.67243584857625, 49.45914629310559, 50.94327100522958, 50.38621208774057, 51.35621264026423, 46.66100619856719, 61.98114628396976, 47.50198912164968, 51.86308888720858, 46.05851489267531, 49.65170030533128, 46.75813730203422, 46.02807633284551, 73.79942596338357, 50.624031564991945, 54.593286210564294, 59.66431286076831, 56.56058193619843, 46.420957097582, 46.20292601008324, 46.8169809025564, 68.47964032896006, 46.188530089748895, 47.828020934086695, 51.5155213592918, 47.12203972202957, 47.345113158985306, 45.35942436631318, 46.25253642440602, 56.65123191153168, 46.36237467626098, 56.81714582746955, 49.58390862774697, 46.32766101618481, 57.81907363454248, 52.842964573270955, 48.797800671522786]
valid_mae_list:  [5.7610407057841115, 5.259385078575961, 6.096881744967904, 5.50133368619688, 5.827953265730742, 5.903053283691406, 5.9124239781859576, 5.95598198957504, 5.628177667119701, 6.559553547269979, 5.689576993322676, 5.997350413328523, 5.535416961475542, 5.856808267581235, 5.482220740834618, 5.52657225784982, 7.198063698543865, 5.911775771220019, 6.16772723349796, 6.464719881677324, 6.291532771602558, 5.606590854134529, 5.584021793049612, 5.445910557060484, 6.914518028307873, 5.581965792710614, 5.722282506857708, 5.9657316754578025, 5.670950628389978, 5.679852868341337, 5.500767118611913, 5.420978181681056, 6.270475642696308, 5.546478660243332, 6.308790753601463, 5.851573482440536, 5.60012875696656, 6.3616675115694665, 6.046676975906275, 5.797447982107758]

Elapsed time for one epoch in cv: 28 minutes

<<< StratifiedKFold: 4/4 >>>
Train Dataset & Validation Dataset size:  119 40
[  5   6  12  19  21  29  33  35  39  42  44  45  47  49  63  68  72  75
  76  77  83  85  92  95 100 106 107 112 116 117 121 123 130 131 137 151
 152 161 167 169 175 180 182 183 185 186 189 190 195 196 197 199 201 203
 211 215 219 224 225 230 233 234 247 250 257 260 276 279 282 286 288 290
 297 299 309 312 315 317 325 331 332 338 345 348 349 352 356 361 365 366
 368 373 374 389 391 393 396 398 399 400 402 412 413 415 420 421 424 432
 434 438 443 444 448 456 460 462 469 474 475 476 479 481 483 485 486 488
 494 495 497 502 511 512 514 516 519 522 524 535 537 550 553 554 559 575
 579 583 584 586 588 595 599 602 605 611 615 620 623]
[ Start ]

Epoch   1: training
Epoch: 1, duration for training: 0.55 minutes

Epoch   1: validation
../../test/adni_cn/parietal_lobe/3/parietal_lobe
Ages saved
Features saved
    Epoch  1: training mse loss = 548.922 / validation mse loss = 74.541
    Epoch  1: training mae loss = 14.819 / validation mae loss = 6.733

Epoch   2: training
Epoch: 2, duration for training: 0.71 minutes

Epoch   2: validation
../../test/adni_cn/parietal_lobe/3/parietal_lobe
Ages saved
Features saved
    Epoch  2: training mse loss = 64.300 / validation mse loss = 44.461
    Epoch  2: training mae loss = 6.353 / validation mae loss = 5.492

Epoch   3: training
Epoch: 3, duration for training: 0.69 minutes

Epoch   3: validation
../../test/adni_cn/parietal_lobe/3/parietal_lobe
Ages saved
Features saved
    Epoch  3: training mse loss = 54.214 / validation mse loss = 43.329
    Epoch  3: training mae loss = 5.952 / validation mae loss = 5.422

Epoch   4: training
Epoch: 4, duration for training: 0.79 minutes

Epoch   4: validation
../../test/adni_cn/parietal_lobe/3/parietal_lobe
Ages saved
Features saved
    Epoch  4: training mse loss = 50.732 / validation mse loss = 40.723
    Epoch  4: training mae loss = 5.678 / validation mae loss = 5.188

Epoch   5: training
Epoch: 5, duration for training: 0.66 minutes

Epoch   5: validation
../../test/adni_cn/parietal_lobe/3/parietal_lobe
Ages saved
Features saved
    Epoch  5: training mse loss = 46.937 / validation mse loss = 42.169
    Epoch  5: training mae loss = 5.451 / validation mae loss = 5.252

Epoch   6: training
Epoch: 6, duration for training: 0.67 minutes

Epoch   6: validation
../../test/adni_cn/parietal_lobe/3/parietal_lobe
Ages saved
Features saved
    Epoch  6: training mse loss = 456.599 / validation mse loss = 53.653
    Epoch  6: training mae loss = 13.659 / validation mae loss = 6.092

Epoch   7: training
Epoch: 7, duration for training: 0.72 minutes

Epoch   7: validation
../../test/adni_cn/parietal_lobe/3/parietal_lobe
Ages saved
Features saved
    Epoch  7: training mse loss = 66.563 / validation mse loss = 46.393
    Epoch  7: training mae loss = 6.660 / validation mae loss = 5.550

Epoch   8: training
Epoch: 8, duration for training: 0.73 minutes

Epoch   8: validation
../../test/adni_cn/parietal_lobe/3/parietal_lobe
Ages saved
Features saved
    Epoch  8: training mse loss = 76.171 / validation mse loss = 83.260
    Epoch  8: training mae loss = 6.728 / validation mae loss = 7.720

Epoch   9: training
Epoch: 9, duration for training: 0.68 minutes

Epoch   9: validation
../../test/adni_cn/parietal_lobe/3/parietal_lobe
Ages saved
Features saved
    Epoch  9: training mse loss = 59.731 / validation mse loss = 49.822
    Epoch  9: training mae loss = 6.123 / validation mae loss = 5.583

Epoch  10: training
Epoch: 10, duration for training: 0.92 minutes

Epoch  10: validation
../../test/adni_cn/parietal_lobe/3/parietal_lobe
Ages saved
Features saved
    Epoch 10: training mse loss = 73.680 / validation mse loss = 62.471
    Epoch 10: training mae loss = 6.895 / validation mae loss = 6.134

Epoch  11: training
Epoch: 11, duration for training: 0.71 minutes

Epoch  11: validation
../../test/adni_cn/parietal_lobe/3/parietal_lobe
Ages saved
Features saved
    Epoch 11: training mse loss = 60.256 / validation mse loss = 48.309
    Epoch 11: training mae loss = 6.198 / validation mae loss = 5.758

Epoch  12: training
Epoch: 12, duration for training: 0.70 minutes

Epoch  12: validation
../../test/adni_cn/parietal_lobe/3/parietal_lobe
Ages saved
Features saved
    Epoch 12: training mse loss = 60.466 / validation mse loss = 51.229
    Epoch 12: training mae loss = 6.165 / validation mae loss = 5.640

Epoch  13: training
Epoch: 13, duration for training: 0.69 minutes

Epoch  13: validation
../../test/adni_cn/parietal_lobe/3/parietal_lobe
Ages saved
Features saved
    Epoch 13: training mse loss = 55.203 / validation mse loss = 47.208
    Epoch 13: training mae loss = 6.020 / validation mae loss = 5.629

Epoch  14: training
Epoch: 14, duration for training: 0.71 minutes

Epoch  14: validation
../../test/adni_cn/parietal_lobe/3/parietal_lobe
Ages saved
Features saved
    Epoch 14: training mse loss = 56.464 / validation mse loss = 47.525
    Epoch 14: training mae loss = 6.028 / validation mae loss = 5.601

Epoch  15: training
Epoch: 15, duration for training: 0.72 minutes

Epoch  15: validation
../../test/adni_cn/parietal_lobe/3/parietal_lobe
Ages saved
Features saved
    Epoch 15: training mse loss = 57.833 / validation mse loss = 48.357
    Epoch 15: training mae loss = 6.153 / validation mae loss = 5.593

Epoch  16: training
Epoch: 16, duration for training: 0.69 minutes

Epoch  16: validation
../../test/adni_cn/parietal_lobe/3/parietal_lobe
Ages saved
Features saved
    Epoch 16: training mse loss = 53.999 / validation mse loss = 53.231
    Epoch 16: training mae loss = 5.901 / validation mae loss = 6.058

Epoch  17: training
Epoch: 17, duration for training: 0.67 minutes

Epoch  17: validation
../../test/adni_cn/parietal_lobe/3/parietal_lobe
Ages saved
Features saved
    Epoch 17: training mse loss = 56.657 / validation mse loss = 49.580
    Epoch 17: training mae loss = 6.063 / validation mae loss = 5.838

Epoch  18: training
Epoch: 18, duration for training: 0.84 minutes

Epoch  18: validation
../../test/adni_cn/parietal_lobe/3/parietal_lobe
Ages saved
Features saved
    Epoch 18: training mse loss = 53.730 / validation mse loss = 52.596
    Epoch 18: training mae loss = 5.924 / validation mae loss = 5.694

Epoch  19: training
Epoch: 19, duration for training: 0.77 minutes

Epoch  19: validation
../../test/adni_cn/parietal_lobe/3/parietal_lobe
Ages saved
Features saved
    Epoch 19: training mse loss = 57.788 / validation mse loss = 53.872
    Epoch 19: training mae loss = 6.047 / validation mae loss = 6.093

Epoch  20: training
Epoch: 20, duration for training: 0.74 minutes

Epoch  20: validation
../../test/adni_cn/parietal_lobe/3/parietal_lobe
Ages saved
Features saved
    Epoch 20: training mse loss = 55.744 / validation mse loss = 47.447
    Epoch 20: training mae loss = 6.019 / validation mae loss = 5.614

Epoch  21: training
Epoch: 21, duration for training: 0.68 minutes

Epoch  21: validation
../../test/adni_cn/parietal_lobe/3/parietal_lobe
Ages saved
Features saved
    Epoch 21: training mse loss = 54.199 / validation mse loss = 56.723
    Epoch 21: training mae loss = 5.925 / validation mae loss = 6.252

Epoch  22: training
Epoch: 22, duration for training: 0.69 minutes

Epoch  22: validation
../../test/adni_cn/parietal_lobe/3/parietal_lobe
Ages saved
Features saved
    Epoch 22: training mse loss = 55.654 / validation mse loss = 50.414
    Epoch 22: training mae loss = 6.032 / validation mae loss = 5.616

Epoch  23: training
Epoch: 23, duration for training: 0.72 minutes

Epoch  23: validation
../../test/adni_cn/parietal_lobe/3/parietal_lobe
Ages saved
Features saved
    Epoch 23: training mse loss = 54.650 / validation mse loss = 54.964
    Epoch 23: training mae loss = 5.931 / validation mae loss = 6.154

Epoch  24: training
Epoch: 24, duration for training: 1.12 minutes

Epoch  24: validation
../../test/adni_cn/parietal_lobe/3/parietal_lobe
Ages saved
Features saved
    Epoch 24: training mse loss = 53.488 / validation mse loss = 52.246
    Epoch 24: training mae loss = 5.831 / validation mae loss = 5.679

Epoch  25: training
Epoch: 25, duration for training: 0.79 minutes

Epoch  25: validation
../../test/adni_cn/parietal_lobe/3/parietal_lobe
Ages saved
Features saved
    Epoch 25: training mse loss = 54.365 / validation mse loss = 49.379
    Epoch 25: training mae loss = 5.889 / validation mae loss = 5.819

Epoch  26: training
Epoch: 26, duration for training: 0.79 minutes

Epoch  26: validation
../../test/adni_cn/parietal_lobe/3/parietal_lobe
Ages saved
Features saved
    Epoch 26: training mse loss = 55.731 / validation mse loss = 47.312
    Epoch 26: training mae loss = 5.925 / validation mae loss = 5.610

Epoch  27: training
Epoch: 27, duration for training: 0.71 minutes

Epoch  27: validation
../../test/adni_cn/parietal_lobe/3/parietal_lobe
Ages saved
Features saved
    Epoch 27: training mse loss = 52.738 / validation mse loss = 47.287
    Epoch 27: training mae loss = 5.826 / validation mae loss = 5.648

Epoch  28: training
Epoch: 28, duration for training: 0.78 minutes

Epoch  28: validation
../../test/adni_cn/parietal_lobe/3/parietal_lobe
Ages saved
Features saved
    Epoch 28: training mse loss = 54.762 / validation mse loss = 53.539
    Epoch 28: training mae loss = 6.049 / validation mae loss = 5.727

Epoch  29: training
Epoch: 29, duration for training: 0.77 minutes

Epoch  29: validation
../../test/adni_cn/parietal_lobe/3/parietal_lobe
Ages saved
Features saved
    Epoch 29: training mse loss = 52.414 / validation mse loss = 60.581
    Epoch 29: training mae loss = 5.799 / validation mae loss = 6.040

Epoch  30: training
Epoch: 30, duration for training: 0.68 minutes

Epoch  30: validation
../../test/adni_cn/parietal_lobe/3/parietal_lobe
Ages saved
Features saved
    Epoch 30: training mse loss = 53.995 / validation mse loss = 53.845
    Epoch 30: training mae loss = 5.943 / validation mae loss = 6.092

Epoch  31: training
Epoch: 31, duration for training: 0.69 minutes

Epoch  31: validation
../../test/adni_cn/parietal_lobe/3/parietal_lobe
Ages saved
Features saved
    Epoch 31: training mse loss = 52.706 / validation mse loss = 47.880
    Epoch 31: training mae loss = 5.865 / validation mae loss = 5.571

Epoch  32: training
Epoch: 32, duration for training: 0.74 minutes

Epoch  32: validation
../../test/adni_cn/parietal_lobe/3/parietal_lobe
Ages saved
Features saved
    Epoch 32: training mse loss = 53.037 / validation mse loss = 47.905
    Epoch 32: training mae loss = 5.835 / validation mae loss = 5.733

Epoch  33: training
Epoch: 33, duration for training: 0.77 minutes

Epoch  33: validation
../../test/adni_cn/parietal_lobe/3/parietal_lobe
Ages saved
Features saved
    Epoch 33: training mse loss = 55.295 / validation mse loss = 48.288
    Epoch 33: training mae loss = 5.914 / validation mae loss = 5.755

Epoch  34: training
Epoch: 34, duration for training: 0.68 minutes

Epoch  34: validation
../../test/adni_cn/parietal_lobe/3/parietal_lobe
Ages saved
Features saved
    Epoch 34: training mse loss = 54.870 / validation mse loss = 47.699
    Epoch 34: training mae loss = 5.993 / validation mae loss = 5.583

Epoch  35: training
Epoch: 35, duration for training: 0.68 minutes

Epoch  35: validation
../../test/adni_cn/parietal_lobe/3/parietal_lobe
Ages saved
Features saved
    Epoch 35: training mse loss = 54.557 / validation mse loss = 51.531
    Epoch 35: training mae loss = 5.910 / validation mae loss = 5.959

Epoch  36: training
Epoch: 36, duration for training: 0.68 minutes

Epoch  36: validation
../../test/adni_cn/parietal_lobe/3/parietal_lobe
Ages saved
Features saved
    Epoch 36: training mse loss = 53.660 / validation mse loss = 48.777
    Epoch 36: training mae loss = 5.874 / validation mae loss = 5.578

Epoch  37: training
Epoch: 37, duration for training: 0.73 minutes

Epoch  37: validation
../../test/adni_cn/parietal_lobe/3/parietal_lobe
Ages saved
Features saved
    Epoch 37: training mse loss = 52.008 / validation mse loss = 50.648
    Epoch 37: training mae loss = 5.787 / validation mae loss = 5.609

Epoch  38: training
Epoch: 38, duration for training: 0.67 minutes

Epoch  38: validation
../../test/adni_cn/parietal_lobe/3/parietal_lobe
Ages saved
Features saved
    Epoch 38: training mse loss = 58.497 / validation mse loss = 47.322
    Epoch 38: training mae loss = 6.134 / validation mae loss = 5.564

Epoch  39: training
Epoch: 39, duration for training: 0.76 minutes

Epoch  39: validation
../../test/adni_cn/parietal_lobe/3/parietal_lobe
Ages saved
Features saved
    Epoch 39: training mse loss = 54.863 / validation mse loss = 47.199
    Epoch 39: training mae loss = 5.893 / validation mae loss = 5.583

Epoch  40: training
Epoch: 40, duration for training: 0.70 minutes

Epoch  40: validation
../../test/adni_cn/parietal_lobe/3/parietal_lobe
Ages saved
Features saved
    Epoch 40: training mse loss = 53.156 / validation mse loss = 53.451
    Epoch 40: training mae loss = 5.740 / validation mae loss = 6.071
[ End of Epoch ]
Epoch: 40, duration for validation: 0.21 minutes
train_mse_list:  [548.9219273285936, 64.30026641406167, 54.21407571554688, 50.7316708211919, 46.93693067205885, 456.59925168866084, 66.5627051186108, 76.1708708938534, 59.73091781971066, 73.6796597275119, 60.25636479416055, 60.46605936644193, 55.20311266473686, 56.46396046612278, 57.832684240683946, 53.999148810388675, 56.657304348451646, 53.72984020402517, 57.78832811432208, 55.74410042147808, 54.19852628163505, 55.65356113643525, 54.650236859634106, 53.48794381805631, 54.36468433275283, 55.73055314312022, 52.73804628924638, 54.76240248508736, 52.414186260034874, 53.99458583565645, 52.70573297262696, 53.03659050560401, 55.29485639003568, 54.86954975733041, 54.55657949760147, 53.65967263429412, 52.0076024073627, 58.497446576334205, 54.86330444061731, 53.15642936234747]
train_mae_list:  [14.818512874224222, 6.352723958376346, 5.952475533676954, 5.677722809934717, 5.451198102051814, 13.65865759819305, 6.660459740217342, 6.727735708934308, 6.123484476424171, 6.895055395856216, 6.197864314718428, 6.164864820355341, 6.019875863137759, 6.02795919857872, 6.153269326208005, 5.901081722332106, 6.063241051317017, 5.923834157544513, 6.046609003498489, 6.019337337566481, 5.924890368987843, 6.032364665831874, 5.931417098257053, 5.830863904247324, 5.888811704220278, 5.92472407076878, 5.826031061862034, 6.048985084065928, 5.798714087326985, 5.942855593013965, 5.864576666350093, 5.835384312442191, 5.9138371828494565, 5.993405267501735, 5.90959173932388, 5.874202655687393, 5.7865951570345535, 6.133553148072063, 5.8928674774492515, 5.739680558380062]
valid_mse_list:  [74.54107028815397, 44.461127135404354, 43.32934944492996, 40.723280183828564, 42.16880309961404, 53.65288560519553, 46.39281087316525, 83.26049004087022, 49.82168617977458, 62.47127003578623, 48.30934840497697, 51.22888894293718, 47.20812480920439, 47.5249154203257, 48.357039433376045, 53.230813798251425, 49.57963036526303, 52.59607693496024, 53.8715232679039, 47.447233317004645, 56.72271987283306, 50.41433587651344, 54.9638695845938, 52.24567891989544, 49.3786139350598, 47.31205660522364, 47.28667334462427, 53.539167717004275, 60.580842619488955, 53.845482875966724, 47.87968036323596, 47.9054604920612, 48.28811598298656, 47.69942519619207, 51.530562520786454, 48.77747625606075, 50.648028464833644, 47.32173525451854, 47.1990436383873, 53.451328308339335]
valid_mae_list:  [6.733445501631232, 5.49184325394357, 5.422196892416402, 5.188299531389953, 5.252112661956981, 6.09213324868755, 5.549671926316182, 7.719517944724696, 5.583364547437923, 6.134171892882912, 5.757610102368009, 5.639843545901548, 5.629082163428046, 5.600807870269581, 5.59291625782183, 6.057585309265526, 5.837754559365048, 5.694174067989277, 6.093241892043193, 5.613840576949393, 6.252377406806703, 5.615873154561231, 6.154024938109574, 5.679347141533141, 5.819270383020875, 5.6101676309184665, 5.648426954913291, 5.727420976966809, 6.040374367100418, 6.0923766603895055, 5.571226180738704, 5.733164064443795, 5.7547396520140826, 5.583176339507863, 5.959279880402194, 5.5782318115234375, 5.608929287855792, 5.563956145268337, 5.583245052653513, 6.070531274103056]

Elapsed time for one epoch in cv: 29 minutes
