====================  Setting  ====================
Dataset :                  adni
Mode :                     train
Number of gpus :           1
Batch size :              4
Data size:                630
Epochs :                  40
Learning Rate :           0.0001
Early Stopping Patience : 0
# of Workers  :           16
Region of Interest :      temporal_lobe
Model Save Path:          ../../model/region_BAE/adni/temporal_lobe/
Loaded Model Epoch:       40
==================================================

<<< StratifiedKFold: 1/4 >>>
Train Dataset & Validation Dataset size:  118 40
[  3  10  13  17  22  23  30  32  38  46  50  51  52  53  55  57  60  70
  82  97  98  99 101 108 109 110 115 132 134 140 141 142 146 154 155 159
 168 187 191 192 193 200 202 204 213 214 220 222 228 229 232 235 236 239
 240 242 243 244 245 249 252 258 261 262 270 271 272 273 284 289 294 305
 308 313 319 320 321 333 335 336 337 339 342 343 351 357 367 370 378 382
 384 387 388 390 392 395 401 406 408 411 422 430 433 437 439 442 452 453
 454 458 459 464 465 468 471 478 480 484 487 493 496 500 503 509 513 515
 531 534 544 545 546 551 565 566 567 568 569 572 577 582 585 589 592 593
 596 597 598 600 604 607 609 614 618 625 626 627 628 629]
[ Start ]

Epoch   1: training
Epoch: 1, duration for training: 0.75 minutes

Epoch   1: validation
../../test/adni_cn/temporal_lobe/0/temporal_lobe
Ages saved
Features saved
    Epoch  1: training mse loss = 686.366 / validation mse loss = 52.702
    Epoch  1: training mae loss = 16.775 / validation mae loss = 5.502

Epoch   2: training
Epoch: 2, duration for training: 0.78 minutes

Epoch   2: validation
../../test/adni_cn/temporal_lobe/0/temporal_lobe
Ages saved
Features saved
    Epoch  2: training mse loss = 60.643 / validation mse loss = 53.337
    Epoch  2: training mae loss = 6.256 / validation mae loss = 6.036

Epoch   3: training
Epoch: 3, duration for training: 0.65 minutes

Epoch   3: validation
../../test/adni_cn/temporal_lobe/0/temporal_lobe
Ages saved
Features saved
    Epoch  3: training mse loss = 50.905 / validation mse loss = 46.085
    Epoch  3: training mae loss = 5.676 / validation mae loss = 5.256

Epoch   4: training
Epoch: 4, duration for training: 0.65 minutes

Epoch   4: validation
../../test/adni_cn/temporal_lobe/0/temporal_lobe
Ages saved
Features saved
    Epoch  4: training mse loss = 48.659 / validation mse loss = 49.403
    Epoch  4: training mae loss = 5.641 / validation mae loss = 5.356

Epoch   5: training
Epoch: 5, duration for training: 0.67 minutes

Epoch   5: validation
../../test/adni_cn/temporal_lobe/0/temporal_lobe
Ages saved
Features saved
    Epoch  5: training mse loss = 44.782 / validation mse loss = 40.777
    Epoch  5: training mae loss = 5.311 / validation mae loss = 5.028

Epoch   6: training
Epoch: 6, duration for training: 0.66 minutes

Epoch   6: validation
../../test/adni_cn/temporal_lobe/0/temporal_lobe
Ages saved
Features saved
    Epoch  6: training mse loss = 54.963 / validation mse loss = 50.115
    Epoch  6: training mae loss = 5.949 / validation mae loss = 5.408

Epoch   7: training
Epoch: 7, duration for training: 0.65 minutes

Epoch   7: validation
../../test/adni_cn/temporal_lobe/0/temporal_lobe
Ages saved
Features saved
    Epoch  7: training mse loss = 54.732 / validation mse loss = 50.036
    Epoch  7: training mae loss = 5.949 / validation mae loss = 5.426

Epoch   8: training
Epoch: 8, duration for training: 0.64 minutes

Epoch   8: validation
../../test/adni_cn/temporal_lobe/0/temporal_lobe
Ages saved
Features saved
    Epoch  8: training mse loss = 56.976 / validation mse loss = 75.216
    Epoch  8: training mae loss = 6.030 / validation mae loss = 6.681

Epoch   9: training
Epoch: 9, duration for training: 0.64 minutes

Epoch   9: validation
../../test/adni_cn/temporal_lobe/0/temporal_lobe
Ages saved
Features saved
    Epoch  9: training mse loss = 50.759 / validation mse loss = 50.120
    Epoch  9: training mae loss = 5.780 / validation mae loss = 5.371

Epoch  10: training
Epoch: 10, duration for training: 0.64 minutes

Epoch  10: validation
../../test/adni_cn/temporal_lobe/0/temporal_lobe
Ages saved
Features saved
    Epoch 10: training mse loss = 51.294 / validation mse loss = 49.799
    Epoch 10: training mae loss = 5.702 / validation mae loss = 5.616

Epoch  11: training
Epoch: 11, duration for training: 0.69 minutes

Epoch  11: validation
../../test/adni_cn/temporal_lobe/0/temporal_lobe
Ages saved
Features saved
    Epoch 11: training mse loss = 55.262 / validation mse loss = 50.475
    Epoch 11: training mae loss = 5.974 / validation mae loss = 5.389

Epoch  12: training
Epoch: 12, duration for training: 0.79 minutes

Epoch  12: validation
../../test/adni_cn/temporal_lobe/0/temporal_lobe
Ages saved
Features saved
    Epoch 12: training mse loss = 50.653 / validation mse loss = 45.552
    Epoch 12: training mae loss = 5.572 / validation mae loss = 5.249

Epoch  13: training
Epoch: 13, duration for training: 0.64 minutes

Epoch  13: validation
../../test/adni_cn/temporal_lobe/0/temporal_lobe
Ages saved
Features saved
    Epoch 13: training mse loss = 48.201 / validation mse loss = 49.649
    Epoch 13: training mae loss = 5.541 / validation mae loss = 5.384

Epoch  14: training
Epoch: 14, duration for training: 0.64 minutes

Epoch  14: validation
../../test/adni_cn/temporal_lobe/0/temporal_lobe
Ages saved
Features saved
    Epoch 14: training mse loss = 49.891 / validation mse loss = 51.478
    Epoch 14: training mae loss = 5.629 / validation mae loss = 5.893

Epoch  15: training
Epoch: 15, duration for training: 0.92 minutes

Epoch  15: validation
../../test/adni_cn/temporal_lobe/0/temporal_lobe
Ages saved
Features saved
    Epoch 15: training mse loss = 45.751 / validation mse loss = 42.410
    Epoch 15: training mae loss = 5.482 / validation mae loss = 5.005

Epoch  16: training
Epoch: 16, duration for training: 0.64 minutes

Epoch  16: validation
../../test/adni_cn/temporal_lobe/0/temporal_lobe
Ages saved
Features saved
    Epoch 16: training mse loss = 41.394 / validation mse loss = 41.982
    Epoch 16: training mae loss = 5.151 / validation mae loss = 5.114

Epoch  17: training
Epoch: 17, duration for training: 0.75 minutes

Epoch  17: validation
../../test/adni_cn/temporal_lobe/0/temporal_lobe
Ages saved
Features saved
    Epoch 17: training mse loss = 51.931 / validation mse loss = 59.082
    Epoch 17: training mae loss = 5.890 / validation mae loss = 6.420

Epoch  18: training
Epoch: 18, duration for training: 0.66 minutes

Epoch  18: validation
../../test/adni_cn/temporal_lobe/0/temporal_lobe
Ages saved
Features saved
    Epoch 18: training mse loss = 52.308 / validation mse loss = 54.615
    Epoch 18: training mae loss = 5.827 / validation mae loss = 6.116

Epoch  19: training
Epoch: 19, duration for training: 0.63 minutes

Epoch  19: validation
../../test/adni_cn/temporal_lobe/0/temporal_lobe
Ages saved
Features saved
    Epoch 19: training mse loss = 53.719 / validation mse loss = 56.985
    Epoch 19: training mae loss = 5.974 / validation mae loss = 6.290

Epoch  20: training
Epoch: 20, duration for training: 0.65 minutes

Epoch  20: validation
../../test/adni_cn/temporal_lobe/0/temporal_lobe
Ages saved
Features saved
    Epoch 20: training mse loss = 92.943 / validation mse loss = 50.927
    Epoch 20: training mae loss = 6.583 / validation mae loss = 5.598

Epoch  21: training
Epoch: 21, duration for training: 0.65 minutes

Epoch  21: validation
../../test/adni_cn/temporal_lobe/0/temporal_lobe
Ages saved
Features saved
    Epoch 21: training mse loss = 53.507 / validation mse loss = 52.435
    Epoch 21: training mae loss = 5.954 / validation mae loss = 5.488

Epoch  22: training
Epoch: 22, duration for training: 0.64 minutes

Epoch  22: validation
../../test/adni_cn/temporal_lobe/0/temporal_lobe
Ages saved
Features saved
    Epoch 22: training mse loss = 55.822 / validation mse loss = 51.093
    Epoch 22: training mae loss = 6.056 / validation mae loss = 5.531

Epoch  23: training
Epoch: 23, duration for training: 0.65 minutes

Epoch  23: validation
../../test/adni_cn/temporal_lobe/0/temporal_lobe
Ages saved
Features saved
    Epoch 23: training mse loss = 52.327 / validation mse loss = 51.295
    Epoch 23: training mae loss = 5.846 / validation mae loss = 5.698

Epoch  24: training
Epoch: 24, duration for training: 0.63 minutes

Epoch  24: validation
../../test/adni_cn/temporal_lobe/0/temporal_lobe
Ages saved
Features saved
    Epoch 24: training mse loss = 53.252 / validation mse loss = 50.926
    Epoch 24: training mae loss = 5.985 / validation mae loss = 5.624

Epoch  25: training
Epoch: 25, duration for training: 0.67 minutes

Epoch  25: validation
../../test/adni_cn/temporal_lobe/0/temporal_lobe
Ages saved
Features saved
    Epoch 25: training mse loss = 52.713 / validation mse loss = 51.099
    Epoch 25: training mae loss = 5.892 / validation mae loss = 5.507

Epoch  26: training
Epoch: 26, duration for training: 0.65 minutes

Epoch  26: validation
../../test/adni_cn/temporal_lobe/0/temporal_lobe
Ages saved
Features saved
    Epoch 26: training mse loss = 52.278 / validation mse loss = 50.689
    Epoch 26: training mae loss = 5.899 / validation mae loss = 5.568

Epoch  27: training
Epoch: 27, duration for training: 0.66 minutes

Epoch  27: validation
../../test/adni_cn/temporal_lobe/0/temporal_lobe
Ages saved
Features saved
    Epoch 27: training mse loss = 52.280 / validation mse loss = 50.797
    Epoch 27: training mae loss = 5.857 / validation mae loss = 5.516

Epoch  28: training
Epoch: 28, duration for training: 0.64 minutes

Epoch  28: validation
../../test/adni_cn/temporal_lobe/0/temporal_lobe
Ages saved
Features saved
    Epoch 28: training mse loss = 52.978 / validation mse loss = 50.596
    Epoch 28: training mae loss = 5.857 / validation mae loss = 5.561

Epoch  29: training
Epoch: 29, duration for training: 0.66 minutes

Epoch  29: validation
../../test/adni_cn/temporal_lobe/0/temporal_lobe
Ages saved
Features saved
    Epoch 29: training mse loss = 55.686 / validation mse loss = 51.209
    Epoch 29: training mae loss = 5.994 / validation mae loss = 5.709

Epoch  30: training
Epoch: 30, duration for training: 0.63 minutes

Epoch  30: validation
../../test/adni_cn/temporal_lobe/0/temporal_lobe
Ages saved
Features saved
    Epoch 30: training mse loss = 51.309 / validation mse loss = 55.681
    Epoch 30: training mae loss = 5.824 / validation mae loss = 6.175

Epoch  31: training
Epoch: 31, duration for training: 0.65 minutes

Epoch  31: validation
../../test/adni_cn/temporal_lobe/0/temporal_lobe
Ages saved
Features saved
    Epoch 31: training mse loss = 53.053 / validation mse loss = 58.143
    Epoch 31: training mae loss = 5.930 / validation mae loss = 5.765

Epoch  32: training
Epoch: 32, duration for training: 0.65 minutes

Epoch  32: validation
../../test/adni_cn/temporal_lobe/0/temporal_lobe
Ages saved
Features saved
    Epoch 32: training mse loss = 54.332 / validation mse loss = 50.915
    Epoch 32: training mae loss = 5.886 / validation mae loss = 5.698

Epoch  33: training
Epoch: 33, duration for training: 0.67 minutes

Epoch  33: validation
../../test/adni_cn/temporal_lobe/0/temporal_lobe
Ages saved
Features saved
    Epoch 33: training mse loss = 52.458 / validation mse loss = 50.181
    Epoch 33: training mae loss = 5.905 / validation mae loss = 5.506

Epoch  34: training
Epoch: 34, duration for training: 0.65 minutes

Epoch  34: validation
../../test/adni_cn/temporal_lobe/0/temporal_lobe
Ages saved
Features saved
    Epoch 34: training mse loss = 50.437 / validation mse loss = 52.920
    Epoch 34: training mae loss = 5.817 / validation mae loss = 5.490

Epoch  35: training
Epoch: 35, duration for training: 0.63 minutes

Epoch  35: validation
../../test/adni_cn/temporal_lobe/0/temporal_lobe
Ages saved
Features saved
    Epoch 35: training mse loss = 53.902 / validation mse loss = 51.981
    Epoch 35: training mae loss = 5.916 / validation mae loss = 5.835

Epoch  36: training
Epoch: 36, duration for training: 0.67 minutes

Epoch  36: validation
../../test/adni_cn/temporal_lobe/0/temporal_lobe
Ages saved
Features saved
    Epoch 36: training mse loss = 49.346 / validation mse loss = 47.771
    Epoch 36: training mae loss = 5.732 / validation mae loss = 5.380

Epoch  37: training
Epoch: 37, duration for training: 0.64 minutes

Epoch  37: validation
../../test/adni_cn/temporal_lobe/0/temporal_lobe
Ages saved
Features saved
    Epoch 37: training mse loss = 51.868 / validation mse loss = 53.826
    Epoch 37: training mae loss = 5.850 / validation mae loss = 5.543

Epoch  38: training
Epoch: 38, duration for training: 0.65 minutes

Epoch  38: validation
../../test/adni_cn/temporal_lobe/0/temporal_lobe
Ages saved
Features saved
    Epoch 38: training mse loss = 51.219 / validation mse loss = 50.873
    Epoch 38: training mae loss = 5.827 / validation mae loss = 5.782

Epoch  39: training
Epoch: 39, duration for training: 0.67 minutes

Epoch  39: validation
../../test/adni_cn/temporal_lobe/0/temporal_lobe
Ages saved
Features saved
    Epoch 39: training mse loss = 242.505 / validation mse loss = 57.369
    Epoch 39: training mae loss = 7.338 / validation mae loss = 6.288

Epoch  40: training
Epoch: 40, duration for training: 0.64 minutes

Epoch  40: validation
../../test/adni_cn/temporal_lobe/0/temporal_lobe
Ages saved
Features saved
    Epoch 40: training mse loss = 91.398 / validation mse loss = 50.757
    Epoch 40: training mae loss = 6.797 / validation mae loss = 5.587
[ End of Epoch ]
Epoch: 40, duration for validation: 0.15 minutes
train_mse_list:  [686.3660195863853, 60.64313473135738, 50.904587264788354, 48.659211330494635, 44.78239453445047, 54.96268853090577, 54.732041437747114, 56.97627330230454, 50.75884546061694, 51.29417074130753, 55.262153437582114, 50.653438725713954, 48.20111548092406, 49.89064303899215, 45.75101758665958, 41.394253771183855, 51.930810443425585, 52.30754516488415, 53.71943930448112, 92.94296707339205, 53.50662946296951, 55.822280122061905, 52.32701842259552, 53.25192535731752, 52.712966931068294, 52.27848283315109, 52.279976709414335, 52.97817314277261, 55.685676326691095, 51.30925859031031, 53.052985225693654, 54.33234645855629, 52.45794495889696, 50.43684620776419, 53.90243829711009, 49.34558211140713, 51.867613190311495, 51.21889415282314, 242.50490715241028, 91.39836495609607]
train_mae_list:  [16.775479543007027, 6.256149542533745, 5.676366119061486, 5.641239061193951, 5.310887668092372, 5.949243060613083, 5.949060431981491, 6.029530888896877, 5.780238887010994, 5.7019468485298805, 5.974447678711455, 5.572203692743334, 5.541018817384364, 5.628746962143203, 5.482107235213458, 5.150795976994401, 5.890331365294376, 5.827240709531105, 5.973653898400776, 6.583395222486076, 5.9538650108596025, 6.055513826467223, 5.8460368059449275, 5.984876640772415, 5.891601457434185, 5.898505024990793, 5.857030197725457, 5.8567372257426635, 5.993837445469226, 5.823976007558532, 5.930292072942701, 5.886340795937231, 5.905022467597056, 5.816556389048948, 5.9161825584153, 5.732344489986613, 5.850268291214765, 5.826507447129589, 7.338304285275734, 6.797434903807559]
valid_mse_list:  [52.70167689987376, 53.337036953696725, 46.08485695078403, 49.40299665475194, 40.776520004755334, 50.11488628991042, 50.03563157214394, 75.21648316443721, 50.11950712566134, 49.79929740519463, 50.47493154791337, 45.55185939692244, 49.64938661116588, 51.478239192238334, 42.41028633600549, 41.98233848282054, 59.08192120322698, 54.61517845829831, 56.98506408401683, 50.927305680287034, 52.43505776079395, 51.0925463996356, 51.29487209682223, 50.925925209552425, 51.099273554886445, 50.68877530399757, 50.79656632640694, 50.595650410350366, 51.20897041996823, 55.68084465702878, 58.14309265040144, 50.91549776173845, 50.18071977096268, 52.920128254950804, 51.98146603379068, 47.771087392976014, 53.82556379294093, 50.87316295768641, 57.36933745613581, 50.75737230687202]
valid_mae_list:  [5.501703358903716, 6.035857067832464, 5.256207019467897, 5.356008964248851, 5.027952387363096, 5.4075526708289035, 5.426194903216785, 6.680999441991879, 5.371277169336246, 5.615646386448341, 5.38894279093682, 5.249003760422332, 5.383584396748603, 5.893369481533388, 5.004717935489703, 5.114111429528345, 6.419661968569212, 6.116401406783092, 6.290320843080931, 5.597863812989827, 5.488216762301288, 5.53052445906627, 5.697992373116409, 5.624472968186004, 5.506535711167734, 5.5675366317169575, 5.515587601480605, 5.560611459273327, 5.708802355995661, 6.17526889752738, 5.764647447610203, 5.697536685798742, 5.506091033356099, 5.490236234061325, 5.835044450397733, 5.380473197260989, 5.5426605079747455, 5.78203300282925, 6.2876941101460515, 5.587181743187241]

Elapsed time for one epoch in cv: 27 minutes

<<< StratifiedKFold: 2/4 >>>
Train Dataset & Validation Dataset size:  118 40
[  0   2   4  14  20  25  26  28  31  40  41  43  54  56  58  59  62  65
  66  71  74  79  80  81  84  86  87  89  90  96 103 111 113 114 118 119
 120 124 129 136 138 145 147 148 150 158 162 164 165 166 170 172 173 174
 177 179 188 194 209 216 217 218 221 226 227 248 256 259 264 275 277 278
 280 281 283 285 291 292 293 300 301 304 306 307 316 318 323 324 327 328
 329 330 340 344 346 354 355 360 371 372 376 377 379 383 385 386 403 404
 407 409 410 414 418 419 425 426 441 446 451 461 463 467 477 489 490 492
 498 504 506 507 518 523 527 529 532 533 536 538 541 547 548 552 557 558
 560 562 571 574 576 587 590 591 594 601 603 608 617 621]
[ Start ]

Epoch   1: training
Epoch: 1, duration for training: 0.54 minutes

Epoch   1: validation
../../test/adni_cn/temporal_lobe/1/temporal_lobe
Ages saved
Features saved
    Epoch  1: training mse loss = 528.991 / validation mse loss = 56.772
    Epoch  1: training mae loss = 14.354 / validation mae loss = 6.084

Epoch   2: training
Epoch: 2, duration for training: 0.71 minutes

Epoch   2: validation
../../test/adni_cn/temporal_lobe/1/temporal_lobe
Ages saved
Features saved
    Epoch  2: training mse loss = 188.268 / validation mse loss = 62.028
    Epoch  2: training mae loss = 9.170 / validation mae loss = 6.151

Epoch   3: training
Epoch: 3, duration for training: 0.65 minutes

Epoch   3: validation
../../test/adni_cn/temporal_lobe/1/temporal_lobe
Ages saved
Features saved
    Epoch  3: training mse loss = 52.943 / validation mse loss = 55.828
    Epoch  3: training mae loss = 5.830 / validation mae loss = 6.047

Epoch   4: training
Epoch: 4, duration for training: 0.67 minutes

Epoch   4: validation
../../test/adni_cn/temporal_lobe/1/temporal_lobe
Ages saved
Features saved
    Epoch  4: training mse loss = 50.431 / validation mse loss = 56.014
    Epoch  4: training mae loss = 5.664 / validation mae loss = 6.032

Epoch   5: training
Epoch: 5, duration for training: 0.65 minutes

Epoch   5: validation
../../test/adni_cn/temporal_lobe/1/temporal_lobe
Ages saved
Features saved
    Epoch  5: training mse loss = 50.357 / validation mse loss = 71.186
    Epoch  5: training mae loss = 5.699 / validation mae loss = 6.493

Epoch   6: training
Epoch: 6, duration for training: 0.63 minutes

Epoch   6: validation
../../test/adni_cn/temporal_lobe/1/temporal_lobe
Ages saved
Features saved
    Epoch  6: training mse loss = 52.045 / validation mse loss = 54.285
    Epoch  6: training mae loss = 5.779 / validation mae loss = 6.096

Epoch   7: training
Epoch: 7, duration for training: 0.76 minutes

Epoch   7: validation
../../test/adni_cn/temporal_lobe/1/temporal_lobe
Ages saved
Features saved
    Epoch  7: training mse loss = 52.254 / validation mse loss = 55.757
    Epoch  7: training mae loss = 5.807 / validation mae loss = 6.242

Epoch   8: training
Epoch: 8, duration for training: 0.66 minutes

Epoch   8: validation
../../test/adni_cn/temporal_lobe/1/temporal_lobe
Ages saved
Features saved
    Epoch  8: training mse loss = 54.468 / validation mse loss = 61.828
    Epoch  8: training mae loss = 5.906 / validation mae loss = 6.113

Epoch   9: training
Epoch: 9, duration for training: 0.64 minutes

Epoch   9: validation
../../test/adni_cn/temporal_lobe/1/temporal_lobe
Ages saved
Features saved
    Epoch  9: training mse loss = 131.918 / validation mse loss = 61.683
    Epoch  9: training mae loss = 8.230 / validation mae loss = 6.270

Epoch  10: training
Epoch: 10, duration for training: 0.64 minutes

Epoch  10: validation
../../test/adni_cn/temporal_lobe/1/temporal_lobe
Ages saved
Features saved
    Epoch 10: training mse loss = 57.040 / validation mse loss = 59.128
    Epoch 10: training mae loss = 6.088 / validation mae loss = 6.087

Epoch  11: training
Epoch: 11, duration for training: 0.70 minutes

Epoch  11: validation
../../test/adni_cn/temporal_lobe/1/temporal_lobe
Ages saved
Features saved
    Epoch 11: training mse loss = 52.911 / validation mse loss = 57.442
    Epoch 11: training mae loss = 5.838 / validation mae loss = 6.070

Epoch  12: training
Epoch: 12, duration for training: 0.62 minutes

Epoch  12: validation
../../test/adni_cn/temporal_lobe/1/temporal_lobe
Ages saved
Features saved
    Epoch 12: training mse loss = 50.766 / validation mse loss = 81.555
    Epoch 12: training mae loss = 5.682 / validation mae loss = 7.015

Epoch  13: training
Epoch: 13, duration for training: 0.66 minutes

Epoch  13: validation
../../test/adni_cn/temporal_lobe/1/temporal_lobe
Ages saved
Features saved
    Epoch 13: training mse loss = 52.655 / validation mse loss = 75.219
    Epoch 13: training mae loss = 5.827 / validation mae loss = 6.737

Epoch  14: training
Epoch: 14, duration for training: 0.64 minutes

Epoch  14: validation
../../test/adni_cn/temporal_lobe/1/temporal_lobe
Ages saved
Features saved
    Epoch 14: training mse loss = 51.524 / validation mse loss = 55.291
    Epoch 14: training mae loss = 5.780 / validation mae loss = 6.052

Epoch  15: training
Epoch: 15, duration for training: 1.08 minutes

Epoch  15: validation
../../test/adni_cn/temporal_lobe/1/temporal_lobe
Ages saved
Features saved
    Epoch 15: training mse loss = 50.004 / validation mse loss = 55.663
    Epoch 15: training mae loss = 5.617 / validation mae loss = 6.045

Epoch  16: training
Epoch: 16, duration for training: 0.80 minutes

Epoch  16: validation
../../test/adni_cn/temporal_lobe/1/temporal_lobe
Ages saved
Features saved
    Epoch 16: training mse loss = 49.890 / validation mse loss = 71.492
    Epoch 16: training mae loss = 5.652 / validation mae loss = 6.553

Epoch  17: training
Epoch: 17, duration for training: 0.79 minutes

Epoch  17: validation
../../test/adni_cn/temporal_lobe/1/temporal_lobe
Ages saved
Features saved
    Epoch 17: training mse loss = 50.241 / validation mse loss = 60.451
    Epoch 17: training mae loss = 5.708 / validation mae loss = 6.072

Epoch  18: training
Epoch: 18, duration for training: 0.64 minutes

Epoch  18: validation
../../test/adni_cn/temporal_lobe/1/temporal_lobe
Ages saved
Features saved
    Epoch 18: training mse loss = 50.581 / validation mse loss = 69.327
    Epoch 18: training mae loss = 5.700 / validation mae loss = 6.456

Epoch  19: training
Epoch: 19, duration for training: 0.66 minutes

Epoch  19: validation
../../test/adni_cn/temporal_lobe/1/temporal_lobe
Ages saved
Features saved
    Epoch 19: training mse loss = 49.574 / validation mse loss = 55.448
    Epoch 19: training mae loss = 5.652 / validation mae loss = 6.229

Epoch  20: training
Epoch: 20, duration for training: 0.65 minutes

Epoch  20: validation
../../test/adni_cn/temporal_lobe/1/temporal_lobe
Ages saved
Features saved
    Epoch 20: training mse loss = 49.627 / validation mse loss = 54.661
    Epoch 20: training mae loss = 5.660 / validation mae loss = 6.023

Epoch  21: training
Epoch: 21, duration for training: 0.66 minutes

Epoch  21: validation
../../test/adni_cn/temporal_lobe/1/temporal_lobe
Ages saved
Features saved
    Epoch 21: training mse loss = 57.712 / validation mse loss = 56.509
    Epoch 21: training mae loss = 5.976 / validation mae loss = 6.088

Epoch  22: training
Epoch: 22, duration for training: 0.65 minutes

Epoch  22: validation
../../test/adni_cn/temporal_lobe/1/temporal_lobe
Ages saved
Features saved
    Epoch 22: training mse loss = 50.775 / validation mse loss = 72.624
    Epoch 22: training mae loss = 5.690 / validation mae loss = 6.629

Epoch  23: training
Epoch: 23, duration for training: 0.73 minutes

Epoch  23: validation
../../test/adni_cn/temporal_lobe/1/temporal_lobe
Ages saved
Features saved
    Epoch 23: training mse loss = 51.103 / validation mse loss = 55.626
    Epoch 23: training mae loss = 5.748 / validation mae loss = 6.107

Epoch  24: training
Epoch: 24, duration for training: 0.77 minutes

Epoch  24: validation
../../test/adni_cn/temporal_lobe/1/temporal_lobe
Ages saved
Features saved
    Epoch 24: training mse loss = 51.483 / validation mse loss = 68.379
    Epoch 24: training mae loss = 5.770 / validation mae loss = 6.428

Epoch  25: training
Epoch: 25, duration for training: 0.69 minutes

Epoch  25: validation
../../test/adni_cn/temporal_lobe/1/temporal_lobe
Ages saved
Features saved
    Epoch 25: training mse loss = 50.294 / validation mse loss = 55.867
    Epoch 25: training mae loss = 5.666 / validation mae loss = 6.074

Epoch  26: training
Epoch: 26, duration for training: 0.65 minutes

Epoch  26: validation
../../test/adni_cn/temporal_lobe/1/temporal_lobe
Ages saved
Features saved
    Epoch 26: training mse loss = 50.321 / validation mse loss = 56.560
    Epoch 26: training mae loss = 5.688 / validation mae loss = 6.063

Epoch  27: training
Epoch: 27, duration for training: 0.68 minutes

Epoch  27: validation
../../test/adni_cn/temporal_lobe/1/temporal_lobe
Ages saved
Features saved
    Epoch 27: training mse loss = 51.559 / validation mse loss = 59.425
    Epoch 27: training mae loss = 5.678 / validation mae loss = 6.102

Epoch  28: training
Epoch: 28, duration for training: 0.66 minutes

Epoch  28: validation
../../test/adni_cn/temporal_lobe/1/temporal_lobe
Ages saved
Features saved
    Epoch 28: training mse loss = 50.938 / validation mse loss = 58.669
    Epoch 28: training mae loss = 5.703 / validation mae loss = 6.084

Epoch  29: training
Epoch: 29, duration for training: 0.95 minutes

Epoch  29: validation
../../test/adni_cn/temporal_lobe/1/temporal_lobe
Ages saved
Features saved
    Epoch 29: training mse loss = 50.567 / validation mse loss = 62.298
    Epoch 29: training mae loss = 5.730 / validation mae loss = 6.166

Epoch  30: training
Epoch: 30, duration for training: 0.64 minutes

Epoch  30: validation
../../test/adni_cn/temporal_lobe/1/temporal_lobe
Ages saved
Features saved
    Epoch 30: training mse loss = 52.510 / validation mse loss = 63.818
    Epoch 30: training mae loss = 5.740 / validation mae loss = 6.224

Epoch  31: training
Epoch: 31, duration for training: 0.64 minutes

Epoch  31: validation
../../test/adni_cn/temporal_lobe/1/temporal_lobe
Ages saved
Features saved
    Epoch 31: training mse loss = 50.059 / validation mse loss = 56.788
    Epoch 31: training mae loss = 5.653 / validation mae loss = 6.056

Epoch  32: training
Epoch: 32, duration for training: 0.88 minutes

Epoch  32: validation
../../test/adni_cn/temporal_lobe/1/temporal_lobe
Ages saved
Features saved
    Epoch 32: training mse loss = 50.292 / validation mse loss = 67.820
    Epoch 32: training mae loss = 5.712 / validation mae loss = 6.398

Epoch  33: training
Epoch: 33, duration for training: 0.78 minutes

Epoch  33: validation
../../test/adni_cn/temporal_lobe/1/temporal_lobe
Ages saved
Features saved
    Epoch 33: training mse loss = 51.040 / validation mse loss = 54.995
    Epoch 33: training mae loss = 5.714 / validation mae loss = 6.121

Epoch  34: training
Epoch: 34, duration for training: 0.81 minutes

Epoch  34: validation
../../test/adni_cn/temporal_lobe/1/temporal_lobe
Ages saved
Features saved
    Epoch 34: training mse loss = 51.280 / validation mse loss = 55.451
    Epoch 34: training mae loss = 5.706 / validation mae loss = 6.098

Epoch  35: training
Epoch: 35, duration for training: 0.68 minutes

Epoch  35: validation
../../test/adni_cn/temporal_lobe/1/temporal_lobe
Ages saved
Features saved
    Epoch 35: training mse loss = 49.574 / validation mse loss = 54.819
    Epoch 35: training mae loss = 5.642 / validation mae loss = 6.030

Epoch  36: training
Epoch: 36, duration for training: 0.72 minutes

Epoch  36: validation
../../test/adni_cn/temporal_lobe/1/temporal_lobe
Ages saved
Features saved
    Epoch 36: training mse loss = 50.630 / validation mse loss = 60.245
    Epoch 36: training mae loss = 5.716 / validation mae loss = 6.103

Epoch  37: training
Epoch: 37, duration for training: 0.71 minutes

Epoch  37: validation
../../test/adni_cn/temporal_lobe/1/temporal_lobe
Ages saved
Features saved
    Epoch 37: training mse loss = 51.650 / validation mse loss = 55.160
    Epoch 37: training mae loss = 5.828 / validation mae loss = 6.059

Epoch  38: training
Epoch: 38, duration for training: 0.64 minutes

Epoch  38: validation
../../test/adni_cn/temporal_lobe/1/temporal_lobe
Ages saved
Features saved
    Epoch 38: training mse loss = 49.736 / validation mse loss = 55.896
    Epoch 38: training mae loss = 5.593 / validation mae loss = 6.196

Epoch  39: training
Epoch: 39, duration for training: 0.63 minutes

Epoch  39: validation
../../test/adni_cn/temporal_lobe/1/temporal_lobe
Ages saved
Features saved
    Epoch 39: training mse loss = 53.868 / validation mse loss = 56.478
    Epoch 39: training mae loss = 5.880 / validation mae loss = 6.090

Epoch  40: training
Epoch: 40, duration for training: 0.64 minutes

Epoch  40: validation
../../test/adni_cn/temporal_lobe/1/temporal_lobe
Ages saved
Features saved
    Epoch 40: training mse loss = 51.207 / validation mse loss = 63.501
    Epoch 40: training mae loss = 5.694 / validation mae loss = 6.219
[ End of Epoch ]
Epoch: 40, duration for validation: 0.14 minutes
train_mse_list:  [528.990724137779, 188.2677833993556, 52.94282081975775, 50.430731894606254, 50.35679942470486, 52.045389034990535, 52.25354342541452, 54.46770901195074, 131.91810947353557, 57.04043315628827, 52.910905397544475, 50.7661149511903, 52.65517237934016, 51.52412131782305, 50.00381932420245, 49.890050766831735, 50.24064361442954, 50.58141793638973, 49.57438176971371, 49.627226134478036, 57.71241166025905, 50.77467124744997, 51.10337726544525, 51.48324131763587, 50.29416479498653, 50.32139812889746, 51.55889662039482, 50.93774455230115, 50.56688804141546, 52.51013269262799, 50.05928313530097, 50.2923339847791, 51.03966840444985, 51.28032890820907, 49.5735441628149, 50.63023075410875, 51.64991930985855, 49.73633696770264, 53.867532273470346, 51.20657946699757]
train_mae_list:  [14.354473089767716, 9.170219639600333, 5.829921391050695, 5.663810430946997, 5.698566234717934, 5.779444443977486, 5.807006375264313, 5.905879529856019, 8.22992615780588, 6.088322599055403, 5.837946560423253, 5.682295209270412, 5.827304751186047, 5.780309345762609, 5.616842003191932, 5.651848946587514, 5.707799531645694, 5.699946104469946, 5.651575646157992, 5.659598698050289, 5.975577346349167, 5.689953117047326, 5.7483288958921275, 5.769672676668328, 5.665710424972793, 5.687521522328005, 5.677619780524302, 5.702970674482443, 5.73044772875511, 5.739507553941112, 5.652679305965617, 5.712255292019601, 5.714079751806744, 5.705617023726641, 5.642093327085851, 5.716485920598951, 5.828318232196873, 5.59253630395663, 5.8800843368142335, 5.69442407155441]
valid_mse_list:  [56.77187953417814, 62.02812670454194, 55.82783718350567, 56.0144148838671, 71.18635894678816, 54.285200613963454, 55.756624559812906, 61.82789020296894, 61.68299602556832, 59.1280574798584, 57.44184544720227, 81.55471946619734, 75.21896152254901, 55.290746712986426, 55.662961531289014, 71.49173376831827, 60.451465268678305, 69.3274398031114, 55.44802617423142, 54.66124629370774, 56.5093613395208, 72.62360869781881, 55.62550349175176, 68.37879439245296, 55.867118165462834, 56.560167107401014, 59.42495820492129, 58.668733838238296, 62.29848888252355, 63.818198916278305, 56.78849356687522, 67.8204591726955, 54.99489952039115, 55.45144419730464, 54.819180717951134, 60.244784463810014, 55.160445865196515, 55.89573225190368, 56.47751596909535, 63.500745459447934]
valid_mae_list:  [6.083509734914273, 6.151131859308557, 6.047218926345246, 6.031958398939688, 6.493469069275675, 6.095665243607533, 6.2415541878229455, 6.11318238173859, 6.269602497921714, 6.086582159694237, 6.07012608685071, 7.014913220948811, 6.737141114246996, 6.052042152308211, 6.044729619086543, 6.553099885771546, 6.0724409803559505, 6.456077261816097, 6.228876741626594, 6.023092607908611, 6.087542739095567, 6.629224149486687, 6.1069025691551495, 6.42765863635872, 6.074076278300225, 6.063130897811696, 6.102380366265019, 6.083623258373406, 6.166214834285688, 6.2239222707627695, 6.0556788625596445, 6.398215933691097, 6.121384077434298, 6.098303227484981, 6.02954722054397, 6.102975652187685, 6.058577742757676, 6.195892020116879, 6.0896664631517625, 6.219171572335159]

Elapsed time for one epoch in cv: 28 minutes

<<< StratifiedKFold: 3/4 >>>
Train Dataset & Validation Dataset size:  119 40
[  1   7   8   9  11  15  16  18  24  27  34  36  37  48  61  64  67  69
  73  78  88  91  93  94 102 104 105 122 125 126 127 128 133 135 139 143
 144 149 153 156 157 160 163 171 176 178 181 184 198 205 206 207 208 210
 212 223 231 237 238 241 246 251 253 254 255 263 265 266 267 268 269 274
 287 295 296 298 302 303 310 311 314 322 326 334 341 347 350 353 358 359
 362 363 364 369 375 380 381 394 397 405 416 417 423 427 428 429 431 435
 436 440 445 447 449 450 455 457 466 470 472 473 482 491 499 501 505 508
 510 517 520 521 525 526 528 530 539 540 542 543 549 555 556 561 563 564
 570 573 578 580 581 606 610 612 613 616 619 622 624]
[ Start ]

Epoch   1: training
Epoch: 1, duration for training: 0.54 minutes

Epoch   1: validation
../../test/adni_cn/temporal_lobe/2/temporal_lobe
Ages saved
Features saved
    Epoch  1: training mse loss = 457.510 / validation mse loss = 58.912
    Epoch  1: training mae loss = 13.107 / validation mae loss = 5.892

Epoch   2: training
Epoch: 2, duration for training: 0.71 minutes

Epoch   2: validation
../../test/adni_cn/temporal_lobe/2/temporal_lobe
Ages saved
Features saved
    Epoch  2: training mse loss = 60.892 / validation mse loss = 51.862
    Epoch  2: training mae loss = 6.267 / validation mae loss = 5.509

Epoch   3: training
Epoch: 3, duration for training: 0.68 minutes

Epoch   3: validation
../../test/adni_cn/temporal_lobe/2/temporal_lobe
Ages saved
Features saved
    Epoch  3: training mse loss = 53.701 / validation mse loss = 44.943
    Epoch  3: training mae loss = 5.809 / validation mae loss = 5.100

Epoch   4: training
Epoch: 4, duration for training: 0.65 minutes

Epoch   4: validation
../../test/adni_cn/temporal_lobe/2/temporal_lobe
Ages saved
Features saved
    Epoch  4: training mse loss = 58.361 / validation mse loss = 43.494
    Epoch  4: training mae loss = 6.105 / validation mae loss = 5.339

Epoch   5: training
Epoch: 5, duration for training: 0.64 minutes

Epoch   5: validation
../../test/adni_cn/temporal_lobe/2/temporal_lobe
Ages saved
Features saved
    Epoch  5: training mse loss = 47.914 / validation mse loss = 42.376
    Epoch  5: training mae loss = 5.535 / validation mae loss = 5.189

Epoch   6: training
Epoch: 6, duration for training: 0.64 minutes

Epoch   6: validation
../../test/adni_cn/temporal_lobe/2/temporal_lobe
Ages saved
Features saved
    Epoch  6: training mse loss = 43.975 / validation mse loss = 57.334
    Epoch  6: training mae loss = 5.290 / validation mae loss = 6.060

Epoch   7: training
Epoch: 7, duration for training: 0.72 minutes

Epoch   7: validation
../../test/adni_cn/temporal_lobe/2/temporal_lobe
Ages saved
Features saved
    Epoch  7: training mse loss = 50.129 / validation mse loss = 63.296
    Epoch  7: training mae loss = 5.681 / validation mae loss = 6.422

Epoch   8: training
Epoch: 8, duration for training: 0.76 minutes

Epoch   8: validation
../../test/adni_cn/temporal_lobe/2/temporal_lobe
Ages saved
Features saved
    Epoch  8: training mse loss = 53.132 / validation mse loss = 38.757
    Epoch  8: training mae loss = 5.779 / validation mae loss = 4.764

Epoch   9: training
Epoch: 9, duration for training: 0.63 minutes

Epoch   9: validation
../../test/adni_cn/temporal_lobe/2/temporal_lobe
Ages saved
Features saved
    Epoch  9: training mse loss = 42.509 / validation mse loss = 38.696
    Epoch  9: training mae loss = 5.292 / validation mae loss = 4.732

Epoch  10: training
Epoch: 10, duration for training: 0.66 minutes

Epoch  10: validation
../../test/adni_cn/temporal_lobe/2/temporal_lobe
Ages saved
Features saved
    Epoch 10: training mse loss = 35.635 / validation mse loss = 40.266
    Epoch 10: training mae loss = 4.766 / validation mae loss = 4.760

Epoch  11: training
Epoch: 11, duration for training: 0.68 minutes

Epoch  11: validation
../../test/adni_cn/temporal_lobe/2/temporal_lobe
Ages saved
Features saved
    Epoch 11: training mse loss = 49.805 / validation mse loss = 46.692
    Epoch 11: training mae loss = 5.660 / validation mae loss = 5.413

Epoch  12: training
Epoch: 12, duration for training: 0.64 minutes

Epoch  12: validation
../../test/adni_cn/temporal_lobe/2/temporal_lobe
Ages saved
Features saved
    Epoch 12: training mse loss = 41.671 / validation mse loss = 38.183
    Epoch 12: training mae loss = 5.167 / validation mae loss = 4.711

Epoch  13: training
Epoch: 13, duration for training: 0.65 minutes

Epoch  13: validation
../../test/adni_cn/temporal_lobe/2/temporal_lobe
Ages saved
Features saved
    Epoch 13: training mse loss = 54.035 / validation mse loss = 37.631
    Epoch 13: training mae loss = 5.933 / validation mae loss = 4.731

Epoch  14: training
Epoch: 14, duration for training: 0.71 minutes

Epoch  14: validation
../../test/adni_cn/temporal_lobe/2/temporal_lobe
Ages saved
Features saved
    Epoch 14: training mse loss = 40.444 / validation mse loss = 60.934
    Epoch 14: training mae loss = 5.126 / validation mae loss = 6.444

Epoch  15: training
Epoch: 15, duration for training: 0.63 minutes

Epoch  15: validation
../../test/adni_cn/temporal_lobe/2/temporal_lobe
Ages saved
Features saved
    Epoch 15: training mse loss = 53.610 / validation mse loss = 45.428
    Epoch 15: training mae loss = 5.809 / validation mae loss = 5.429

Epoch  16: training
Epoch: 16, duration for training: 0.65 minutes

Epoch  16: validation
../../test/adni_cn/temporal_lobe/2/temporal_lobe
Ages saved
Features saved
    Epoch 16: training mse loss = 55.198 / validation mse loss = 57.258
    Epoch 16: training mae loss = 5.958 / validation mae loss = 6.302

Epoch  17: training
Epoch: 17, duration for training: 0.66 minutes

Epoch  17: validation
../../test/adni_cn/temporal_lobe/2/temporal_lobe
Ages saved
Features saved
    Epoch 17: training mse loss = 56.055 / validation mse loss = 47.961
    Epoch 17: training mae loss = 6.098 / validation mae loss = 5.336

Epoch  18: training
Epoch: 18, duration for training: 0.64 minutes

Epoch  18: validation
../../test/adni_cn/temporal_lobe/2/temporal_lobe
Ages saved
Features saved
    Epoch 18: training mse loss = 50.080 / validation mse loss = 54.572
    Epoch 18: training mae loss = 5.638 / validation mae loss = 6.085

Epoch  19: training
Epoch: 19, duration for training: 0.73 minutes

Epoch  19: validation
../../test/adni_cn/temporal_lobe/2/temporal_lobe
Ages saved
Features saved
    Epoch 19: training mse loss = 51.753 / validation mse loss = 63.308
    Epoch 19: training mae loss = 5.742 / validation mae loss = 6.639

Epoch  20: training
Epoch: 20, duration for training: 0.66 minutes

Epoch  20: validation
../../test/adni_cn/temporal_lobe/2/temporal_lobe
Ages saved
Features saved
    Epoch 20: training mse loss = 47.905 / validation mse loss = 41.710
    Epoch 20: training mae loss = 5.562 / validation mae loss = 4.938

Epoch  21: training
Epoch: 21, duration for training: 0.65 minutes

Epoch  21: validation
../../test/adni_cn/temporal_lobe/2/temporal_lobe
Ages saved
Features saved
    Epoch 21: training mse loss = 47.257 / validation mse loss = 39.872
    Epoch 21: training mae loss = 5.452 / validation mae loss = 4.779

Epoch  22: training
Epoch: 22, duration for training: 0.64 minutes

Epoch  22: validation
../../test/adni_cn/temporal_lobe/2/temporal_lobe
Ages saved
Features saved
    Epoch 22: training mse loss = 41.204 / validation mse loss = 70.778
    Epoch 22: training mae loss = 5.124 / validation mae loss = 7.033

Epoch  23: training
Epoch: 23, duration for training: 0.66 minutes

Epoch  23: validation
../../test/adni_cn/temporal_lobe/2/temporal_lobe
Ages saved
Features saved
    Epoch 23: training mse loss = 40.221 / validation mse loss = 44.305
    Epoch 23: training mae loss = 5.009 / validation mae loss = 5.155

Epoch  24: training
Epoch: 24, duration for training: 0.65 minutes

Epoch  24: validation
../../test/adni_cn/temporal_lobe/2/temporal_lobe
Ages saved
Features saved
    Epoch 24: training mse loss = 39.876 / validation mse loss = 39.049
    Epoch 24: training mae loss = 5.099 / validation mae loss = 4.766

Epoch  25: training
Epoch: 25, duration for training: 0.66 minutes

Epoch  25: validation
../../test/adni_cn/temporal_lobe/2/temporal_lobe
Ages saved
Features saved
    Epoch 25: training mse loss = 51.203 / validation mse loss = 47.942
    Epoch 25: training mae loss = 5.725 / validation mae loss = 5.623

Epoch  26: training
Epoch: 26, duration for training: 0.78 minutes

Epoch  26: validation
../../test/adni_cn/temporal_lobe/2/temporal_lobe
Ages saved
Features saved
    Epoch 26: training mse loss = 34.990 / validation mse loss = 39.889
    Epoch 26: training mae loss = 4.698 / validation mae loss = 4.691

Epoch  27: training
Epoch: 27, duration for training: 0.65 minutes

Epoch  27: validation
../../test/adni_cn/temporal_lobe/2/temporal_lobe
Ages saved
Features saved
    Epoch 27: training mse loss = 42.479 / validation mse loss = 39.262
    Epoch 27: training mae loss = 5.221 / validation mae loss = 4.702

Epoch  28: training
Epoch: 28, duration for training: 0.66 minutes

Epoch  28: validation
../../test/adni_cn/temporal_lobe/2/temporal_lobe
Ages saved
Features saved
    Epoch 28: training mse loss = 39.128 / validation mse loss = 45.602
    Epoch 28: training mae loss = 5.035 / validation mae loss = 5.154

Epoch  29: training
Epoch: 29, duration for training: 0.67 minutes

Epoch  29: validation
../../test/adni_cn/temporal_lobe/2/temporal_lobe
Ages saved
Features saved
    Epoch 29: training mse loss = 44.126 / validation mse loss = 44.469
    Epoch 29: training mae loss = 5.184 / validation mae loss = 5.380

Epoch  30: training
Epoch: 30, duration for training: 0.73 minutes

Epoch  30: validation
../../test/adni_cn/temporal_lobe/2/temporal_lobe
Ages saved
Features saved
    Epoch 30: training mse loss = 42.414 / validation mse loss = 40.466
    Epoch 30: training mae loss = 5.224 / validation mae loss = 4.917

Epoch  31: training
Epoch: 31, duration for training: 0.71 minutes

Epoch  31: validation
../../test/adni_cn/temporal_lobe/2/temporal_lobe
Ages saved
Features saved
    Epoch 31: training mse loss = 45.741 / validation mse loss = 37.013
    Epoch 31: training mae loss = 5.352 / validation mae loss = 4.544

Epoch  32: training
Epoch: 32, duration for training: 0.72 minutes

Epoch  32: validation
../../test/adni_cn/temporal_lobe/2/temporal_lobe
Ages saved
Features saved
    Epoch 32: training mse loss = 41.553 / validation mse loss = 76.422
    Epoch 32: training mae loss = 5.124 / validation mae loss = 6.808

Epoch  33: training
Epoch: 33, duration for training: 0.66 minutes

Epoch  33: validation
../../test/adni_cn/temporal_lobe/2/temporal_lobe
Ages saved
Features saved
    Epoch 33: training mse loss = 27.677 / validation mse loss = 38.866
    Epoch 33: training mae loss = 4.180 / validation mae loss = 4.597

Epoch  34: training
Epoch: 34, duration for training: 0.65 minutes

Epoch  34: validation
../../test/adni_cn/temporal_lobe/2/temporal_lobe
Ages saved
Features saved
    Epoch 34: training mse loss = 22.999 / validation mse loss = 40.363
    Epoch 34: training mae loss = 3.764 / validation mae loss = 4.737

Epoch  35: training
Epoch: 35, duration for training: 0.65 minutes

Epoch  35: validation
../../test/adni_cn/temporal_lobe/2/temporal_lobe
Ages saved
Features saved
    Epoch 35: training mse loss = 15.008 / validation mse loss = 37.160
    Epoch 35: training mae loss = 3.066 / validation mae loss = 4.491

Epoch  36: training
Epoch: 36, duration for training: 0.65 minutes

Epoch  36: validation
../../test/adni_cn/temporal_lobe/2/temporal_lobe
Ages saved
Features saved
    Epoch 36: training mse loss = 11.562 / validation mse loss = 37.915
    Epoch 36: training mae loss = 2.679 / validation mae loss = 4.542

Epoch  37: training
Epoch: 37, duration for training: 0.66 minutes

Epoch  37: validation
../../test/adni_cn/temporal_lobe/2/temporal_lobe
Ages saved
Features saved
    Epoch 37: training mse loss = 6.700 / validation mse loss = 41.698
    Epoch 37: training mae loss = 2.101 / validation mae loss = 4.706

Epoch  38: training
Epoch: 38, duration for training: 0.65 minutes

Epoch  38: validation
../../test/adni_cn/temporal_lobe/2/temporal_lobe
Ages saved
Features saved
    Epoch 38: training mse loss = 11.301 / validation mse loss = 40.163
    Epoch 38: training mae loss = 2.499 / validation mae loss = 4.648

Epoch  39: training
Epoch: 39, duration for training: 0.64 minutes

Epoch  39: validation
../../test/adni_cn/temporal_lobe/2/temporal_lobe
Ages saved
Features saved
    Epoch 39: training mse loss = 5.635 / validation mse loss = 38.296
    Epoch 39: training mae loss = 1.853 / validation mae loss = 4.535

Epoch  40: training
Epoch: 40, duration for training: 0.66 minutes

Epoch  40: validation
../../test/adni_cn/temporal_lobe/2/temporal_lobe
Ages saved
Features saved
    Epoch 40: training mse loss = 4.810 / validation mse loss = 38.053
    Epoch 40: training mae loss = 1.715 / validation mae loss = 4.558
[ End of Epoch ]
Epoch: 40, duration for validation: 0.15 minutes
train_mse_list:  [457.51008707486596, 60.89185720367109, 53.70050914834468, 58.36123460241402, 47.91414281933807, 43.97456093570395, 50.12931166844439, 53.13244222838581, 42.508687707384844, 35.63486457627117, 49.8050758833613, 41.67097948771955, 54.03479832373008, 40.44371967839892, 53.61018129635059, 55.197517612771804, 56.0547812605005, 50.08002221105467, 51.75322144933785, 47.905444610761535, 47.257097648389745, 41.20440444381746, 40.22105990807047, 39.87641279692377, 51.20284254102324, 34.99006531656923, 42.47936573996353, 39.128486086777855, 44.12609520926284, 42.41430141709068, 45.74114818855269, 41.553163023378076, 27.67681176768297, 22.999176420578557, 15.008182670928964, 11.562169799340955, 6.700496760785706, 11.300712968027868, 5.6353223722026415, 4.810352025778046]
train_mae_list:  [13.107175564917148, 6.266963249029115, 5.808589846588845, 6.104891674211111, 5.534506703027963, 5.2897251846926405, 5.681443841462407, 5.7789137277744285, 5.2922695555092165, 4.76633011412671, 5.66020209088638, 5.167420740107401, 5.933266452200569, 5.126329926053263, 5.809454161823426, 5.957654569920224, 6.097939215049179, 5.637501980739215, 5.74226987487922, 5.562093190360523, 5.4520346901633525, 5.123736940025023, 5.008867146852909, 5.0993703797806145, 5.724764704956312, 4.698294665798325, 5.2205697235042905, 5.035032268306417, 5.18394424244919, 5.224311538276915, 5.351629309623992, 5.1242863854696585, 4.180235921202452, 3.7641224770414903, 3.0656053168073014, 2.678622263934597, 2.1008423045120077, 2.498834089799361, 1.8533916433064177, 1.71542784225109]
valid_mse_list:  [58.91220049038055, 51.86200045324435, 44.942828943774956, 43.49434212970126, 42.37600830709858, 57.33370206310491, 63.296228979803196, 38.75680594990967, 38.69581598536983, 40.26608363837953, 46.692386056207546, 38.182974286899444, 37.63142391982352, 60.93380189397532, 45.42847780057579, 57.25754162612235, 47.96095993868105, 54.57235986260092, 63.308246053707826, 41.71040564130066, 39.87201840103052, 70.77794887761401, 44.30470792806832, 39.04860298345044, 47.942333804573984, 39.88934658439296, 39.261986576068175, 45.60156627825111, 44.468825498204325, 40.466106035147504, 37.012652798063435, 76.42225907562644, 38.865996233217274, 40.36332663760823, 37.160344202806996, 37.91513613682643, 41.6978370125886, 40.16314166062956, 38.29646619489998, 38.05335728529912]
valid_mae_list:  [5.89247801956857, 5.509139820268959, 5.1000843898505925, 5.338796676344173, 5.188871007056752, 6.059698457171203, 6.422180005699206, 4.7637671209444665, 4.732434363881493, 4.760021962937276, 5.412857687397367, 4.710839629932574, 4.730591695020153, 6.443968074336933, 5.428995460461659, 6.301962251116516, 5.335778594776324, 6.085152401286326, 6.638649618549711, 4.93778437717705, 4.779041411770377, 7.03347715146982, 5.154564243972681, 4.765597641088401, 5.623296166681181, 4.691398620605469, 4.701837673308743, 5.153918418155354, 5.380437571531648, 4.917458017920233, 4.544300200832877, 6.807957886130946, 4.597394955386022, 4.737300872802734, 4.4909531903115045, 4.541508328383136, 4.706056509807611, 4.648235977075662, 4.534958323096014, 4.557515672817352]

Elapsed time for one epoch in cv: 27 minutes

<<< StratifiedKFold: 4/4 >>>
Train Dataset & Validation Dataset size:  119 40
[  5   6  12  19  21  29  33  35  39  42  44  45  47  49  63  68  72  75
  76  77  83  85  92  95 100 106 107 112 116 117 121 123 130 131 137 151
 152 161 167 169 175 180 182 183 185 186 189 190 195 196 197 199 201 203
 211 215 219 224 225 230 233 234 247 250 257 260 276 279 282 286 288 290
 297 299 309 312 315 317 325 331 332 338 345 348 349 352 356 361 365 366
 368 373 374 389 391 393 396 398 399 400 402 412 413 415 420 421 424 432
 434 438 443 444 448 456 460 462 469 474 475 476 479 481 483 485 486 488
 494 495 497 502 511 512 514 516 519 522 524 535 537 550 553 554 559 575
 579 583 584 586 588 595 599 602 605 611 615 620 623]
[ Start ]

Epoch   1: training
Epoch: 1, duration for training: 0.53 minutes

Epoch   1: validation
../../test/adni_cn/temporal_lobe/3/temporal_lobe
Ages saved
Features saved
    Epoch  1: training mse loss = 323.307 / validation mse loss = 53.811
    Epoch  1: training mae loss = 10.439 / validation mae loss = 5.749

Epoch   2: training
Epoch: 2, duration for training: 0.65 minutes

Epoch   2: validation
../../test/adni_cn/temporal_lobe/3/temporal_lobe
Ages saved
Features saved
    Epoch  2: training mse loss = 60.620 / validation mse loss = 63.606
    Epoch  2: training mae loss = 6.149 / validation mae loss = 6.718

Epoch   3: training
Epoch: 3, duration for training: 0.65 minutes

Epoch   3: validation
../../test/adni_cn/temporal_lobe/3/temporal_lobe
Ages saved
Features saved
    Epoch  3: training mse loss = 57.354 / validation mse loss = 42.932
    Epoch  3: training mae loss = 6.069 / validation mae loss = 5.197

Epoch   4: training
Epoch: 4, duration for training: 0.66 minutes

Epoch   4: validation
../../test/adni_cn/temporal_lobe/3/temporal_lobe
Ages saved
Features saved
    Epoch  4: training mse loss = 52.158 / validation mse loss = 50.221
    Epoch  4: training mae loss = 5.754 / validation mae loss = 5.466

Epoch   5: training
Epoch: 5, duration for training: 0.67 minutes

Epoch   5: validation
../../test/adni_cn/temporal_lobe/3/temporal_lobe
Ages saved
Features saved
    Epoch  5: training mse loss = 53.107 / validation mse loss = 46.698
    Epoch  5: training mae loss = 5.817 / validation mae loss = 5.618

Epoch   6: training
Epoch: 6, duration for training: 0.65 minutes

Epoch   6: validation
../../test/adni_cn/temporal_lobe/3/temporal_lobe
Ages saved
Features saved
    Epoch  6: training mse loss = 48.502 / validation mse loss = 40.451
    Epoch  6: training mae loss = 5.479 / validation mae loss = 5.056

Epoch   7: training
Epoch: 7, duration for training: 0.66 minutes

Epoch   7: validation
../../test/adni_cn/temporal_lobe/3/temporal_lobe
Ages saved
Features saved
    Epoch  7: training mse loss = 47.697 / validation mse loss = 39.225
    Epoch  7: training mae loss = 5.426 / validation mae loss = 5.095

Epoch   8: training
Epoch: 8, duration for training: 0.64 minutes

Epoch   8: validation
../../test/adni_cn/temporal_lobe/3/temporal_lobe
Ages saved
Features saved
    Epoch  8: training mse loss = 48.604 / validation mse loss = 41.298
    Epoch  8: training mae loss = 5.523 / validation mae loss = 5.075

Epoch   9: training
Epoch: 9, duration for training: 0.64 minutes

Epoch   9: validation
../../test/adni_cn/temporal_lobe/3/temporal_lobe
Ages saved
Features saved
    Epoch  9: training mse loss = 37.598 / validation mse loss = 73.278
    Epoch  9: training mae loss = 4.782 / validation mae loss = 7.184

Epoch  10: training
Epoch: 10, duration for training: 0.65 minutes

Epoch  10: validation
../../test/adni_cn/temporal_lobe/3/temporal_lobe
Ages saved
Features saved
    Epoch 10: training mse loss = 47.780 / validation mse loss = 41.867
    Epoch 10: training mae loss = 5.488 / validation mae loss = 5.080

Epoch  11: training
Epoch: 11, duration for training: 0.66 minutes

Epoch  11: validation
../../test/adni_cn/temporal_lobe/3/temporal_lobe
Ages saved
Features saved
    Epoch 11: training mse loss = 37.497 / validation mse loss = 56.260
    Epoch 11: training mae loss = 4.802 / validation mae loss = 6.023

Epoch  12: training
Epoch: 12, duration for training: 0.74 minutes

Epoch  12: validation
../../test/adni_cn/temporal_lobe/3/temporal_lobe
Ages saved
Features saved
    Epoch 12: training mse loss = 41.459 / validation mse loss = 70.995
    Epoch 12: training mae loss = 5.124 / validation mae loss = 7.097

Epoch  13: training
Epoch: 13, duration for training: 0.65 minutes

Epoch  13: validation
../../test/adni_cn/temporal_lobe/3/temporal_lobe
Ages saved
Features saved
    Epoch 13: training mse loss = 42.598 / validation mse loss = 62.323
    Epoch 13: training mae loss = 5.166 / validation mae loss = 6.541

Epoch  14: training
Epoch: 14, duration for training: 0.69 minutes

Epoch  14: validation
../../test/adni_cn/temporal_lobe/3/temporal_lobe
Ages saved
Features saved
    Epoch 14: training mse loss = 54.818 / validation mse loss = 45.976
    Epoch 14: training mae loss = 5.906 / validation mae loss = 5.722

Epoch  15: training
Epoch: 15, duration for training: 0.64 minutes

Epoch  15: validation
../../test/adni_cn/temporal_lobe/3/temporal_lobe
Ages saved
Features saved
    Epoch 15: training mse loss = 37.860 / validation mse loss = 39.870
    Epoch 15: training mae loss = 4.905 / validation mae loss = 5.230

Epoch  16: training
Epoch: 16, duration for training: 0.68 minutes

Epoch  16: validation
../../test/adni_cn/temporal_lobe/3/temporal_lobe
Ages saved
Features saved
    Epoch 16: training mse loss = 46.682 / validation mse loss = 35.365
    Epoch 16: training mae loss = 5.465 / validation mae loss = 4.735

Epoch  17: training
Epoch: 17, duration for training: 0.64 minutes

Epoch  17: validation
../../test/adni_cn/temporal_lobe/3/temporal_lobe
Ages saved
Features saved
    Epoch 17: training mse loss = 36.379 / validation mse loss = 38.709
    Epoch 17: training mae loss = 4.731 / validation mae loss = 4.964

Epoch  18: training
Epoch: 18, duration for training: 0.64 minutes

Epoch  18: validation
../../test/adni_cn/temporal_lobe/3/temporal_lobe
Ages saved
Features saved
    Epoch 18: training mse loss = 46.910 / validation mse loss = 36.080
    Epoch 18: training mae loss = 5.383 / validation mae loss = 4.864

Epoch  19: training
Epoch: 19, duration for training: 0.66 minutes

Epoch  19: validation
../../test/adni_cn/temporal_lobe/3/temporal_lobe
Ages saved
Features saved
    Epoch 19: training mse loss = 42.079 / validation mse loss = 49.114
    Epoch 19: training mae loss = 5.199 / validation mae loss = 5.514

Epoch  20: training
Epoch: 20, duration for training: 0.68 minutes

Epoch  20: validation
../../test/adni_cn/temporal_lobe/3/temporal_lobe
Ages saved
Features saved
    Epoch 20: training mse loss = 31.876 / validation mse loss = 68.517
    Epoch 20: training mae loss = 4.416 / validation mae loss = 6.910

Epoch  21: training
Epoch: 21, duration for training: 0.63 minutes

Epoch  21: validation
../../test/adni_cn/temporal_lobe/3/temporal_lobe
Ages saved
Features saved
    Epoch 21: training mse loss = 33.894 / validation mse loss = 36.213
    Epoch 21: training mae loss = 4.516 / validation mae loss = 4.806

Epoch  22: training
Epoch: 22, duration for training: 0.66 minutes

Epoch  22: validation
../../test/adni_cn/temporal_lobe/3/temporal_lobe
Ages saved
Features saved
    Epoch 22: training mse loss = 35.923 / validation mse loss = 54.512
    Epoch 22: training mae loss = 4.732 / validation mae loss = 5.979

Epoch  23: training
Epoch: 23, duration for training: 0.65 minutes

Epoch  23: validation
../../test/adni_cn/temporal_lobe/3/temporal_lobe
Ages saved
Features saved
    Epoch 23: training mse loss = 24.888 / validation mse loss = 87.022
    Epoch 23: training mae loss = 3.899 / validation mae loss = 7.912

Epoch  24: training
Epoch: 24, duration for training: 0.76 minutes

Epoch  24: validation
../../test/adni_cn/temporal_lobe/3/temporal_lobe
Ages saved
Features saved
    Epoch 24: training mse loss = 27.676 / validation mse loss = 47.513
    Epoch 24: training mae loss = 4.114 / validation mae loss = 5.632

Epoch  25: training
Epoch: 25, duration for training: 0.80 minutes

Epoch  25: validation
../../test/adni_cn/temporal_lobe/3/temporal_lobe
Ages saved
Features saved
    Epoch 25: training mse loss = 15.274 / validation mse loss = 41.809
    Epoch 25: training mae loss = 3.003 / validation mae loss = 5.148

Epoch  26: training
Epoch: 26, duration for training: 0.72 minutes

Epoch  26: validation
../../test/adni_cn/temporal_lobe/3/temporal_lobe
Ages saved
Features saved
    Epoch 26: training mse loss = 16.368 / validation mse loss = 47.387
    Epoch 26: training mae loss = 3.175 / validation mae loss = 5.578

Epoch  27: training
Epoch: 27, duration for training: 0.68 minutes

Epoch  27: validation
../../test/adni_cn/temporal_lobe/3/temporal_lobe
Ages saved
Features saved
    Epoch 27: training mse loss = 14.710 / validation mse loss = 36.424
    Epoch 27: training mae loss = 3.040 / validation mae loss = 4.879

Epoch  28: training
Epoch: 28, duration for training: 0.65 minutes

Epoch  28: validation
../../test/adni_cn/temporal_lobe/3/temporal_lobe
Ages saved
Features saved
    Epoch 28: training mse loss = 17.103 / validation mse loss = 40.959
    Epoch 28: training mae loss = 3.271 / validation mae loss = 5.210

Epoch  29: training
Epoch: 29, duration for training: 0.98 minutes

Epoch  29: validation
../../test/adni_cn/temporal_lobe/3/temporal_lobe
Ages saved
Features saved
    Epoch 29: training mse loss = 10.922 / validation mse loss = 44.494
    Epoch 29: training mae loss = 2.652 / validation mae loss = 5.333

Epoch  30: training
Epoch: 30, duration for training: 0.65 minutes

Epoch  30: validation
../../test/adni_cn/temporal_lobe/3/temporal_lobe
Ages saved
Features saved
    Epoch 30: training mse loss = 10.236 / validation mse loss = 38.025
    Epoch 30: training mae loss = 2.489 / validation mae loss = 4.909

Epoch  31: training
Epoch: 31, duration for training: 0.64 minutes

Epoch  31: validation
../../test/adni_cn/temporal_lobe/3/temporal_lobe
Ages saved
Features saved
    Epoch 31: training mse loss = 8.635 / validation mse loss = 46.981
    Epoch 31: training mae loss = 2.280 / validation mae loss = 5.522

Epoch  32: training
Epoch: 32, duration for training: 0.70 minutes

Epoch  32: validation
../../test/adni_cn/temporal_lobe/3/temporal_lobe
Ages saved
Features saved
    Epoch 32: training mse loss = 8.639 / validation mse loss = 38.195
    Epoch 32: training mae loss = 2.366 / validation mae loss = 5.017

Epoch  33: training
Epoch: 33, duration for training: 0.67 minutes

Epoch  33: validation
../../test/adni_cn/temporal_lobe/3/temporal_lobe
Ages saved
Features saved
    Epoch 33: training mse loss = 6.044 / validation mse loss = 40.318
    Epoch 33: training mae loss = 1.951 / validation mae loss = 5.183

Epoch  34: training
Epoch: 34, duration for training: 0.68 minutes

Epoch  34: validation
../../test/adni_cn/temporal_lobe/3/temporal_lobe
Ages saved
Features saved
    Epoch 34: training mse loss = 5.009 / validation mse loss = 37.674
    Epoch 34: training mae loss = 1.777 / validation mae loss = 4.884

Epoch  35: training
Epoch: 35, duration for training: 0.66 minutes

Epoch  35: validation
../../test/adni_cn/temporal_lobe/3/temporal_lobe
Ages saved
Features saved
    Epoch 35: training mse loss = 4.111 / validation mse loss = 35.420
    Epoch 35: training mae loss = 1.629 / validation mae loss = 4.797

Epoch  36: training
Epoch: 36, duration for training: 0.67 minutes

Epoch  36: validation
../../test/adni_cn/temporal_lobe/3/temporal_lobe
Ages saved
Features saved
    Epoch 36: training mse loss = 6.799 / validation mse loss = 39.679
    Epoch 36: training mae loss = 2.070 / validation mae loss = 5.073

Epoch  37: training
Epoch: 37, duration for training: 0.64 minutes

Epoch  37: validation
../../test/adni_cn/temporal_lobe/3/temporal_lobe
Ages saved
Features saved
    Epoch 37: training mse loss = 7.446 / validation mse loss = 38.754
    Epoch 37: training mae loss = 2.123 / validation mae loss = 5.045

Epoch  38: training
Epoch: 38, duration for training: 0.70 minutes

Epoch  38: validation
../../test/adni_cn/temporal_lobe/3/temporal_lobe
Ages saved
Features saved
    Epoch 38: training mse loss = 8.942 / validation mse loss = 40.346
    Epoch 38: training mae loss = 2.371 / validation mae loss = 5.110

Epoch  39: training
Epoch: 39, duration for training: 0.72 minutes

Epoch  39: validation
../../test/adni_cn/temporal_lobe/3/temporal_lobe
Ages saved
Features saved
    Epoch 39: training mse loss = 11.135 / validation mse loss = 42.233
    Epoch 39: training mae loss = 2.575 / validation mae loss = 5.134

Epoch  40: training
Epoch: 40, duration for training: 0.67 minutes

Epoch  40: validation
../../test/adni_cn/temporal_lobe/3/temporal_lobe
Ages saved
Features saved
    Epoch 40: training mse loss = 4.939 / validation mse loss = 38.173
    Epoch 40: training mae loss = 1.772 / validation mae loss = 4.998
[ End of Epoch ]
Epoch: 40, duration for validation: 0.13 minutes
train_mse_list:  [323.3074338728479, 60.61963513770769, 57.35414536861234, 52.15822079721011, 53.10666543887987, 48.50237758164678, 47.697153952232625, 48.60374604924789, 37.59842942582628, 47.779968001625754, 37.49701560526519, 41.458559047848176, 42.597600208024396, 54.817563885614184, 37.86014973436803, 46.68230351333134, 36.37872477565709, 46.910006043270826, 42.07900723140789, 31.875573680466374, 33.8936875839314, 35.92284911077068, 24.887723606182202, 27.675840612697804, 15.273844273851488, 16.36840720988227, 14.70985286079552, 17.103053074306462, 10.922468769625931, 10.236195127442322, 8.63463836240466, 8.63865803386898, 6.044077157974243, 5.008598855832478, 4.110770520586796, 6.7994389531476305, 7.446450567270686, 8.942276108641783, 11.135060856051853, 4.939095649356318]
train_mae_list:  [10.439323304319483, 6.149420788625834, 6.068713165992914, 5.754495681214282, 5.817282114170067, 5.478921144255624, 5.425909441570903, 5.522870747281935, 4.781524972734189, 5.487565716023677, 4.801954579907794, 5.12393588495557, 5.165927959546982, 5.9062334266323875, 4.904907363665784, 5.46531385296747, 4.730886285955256, 5.383364848808305, 5.199392887300971, 4.416246474671313, 4.516018599334782, 4.731789167537245, 3.8993361717046695, 4.114187494644907, 3.0031178899849698, 3.1752459342585557, 3.040227031102896, 3.270641955966425, 2.652481022647269, 2.489118773639832, 2.2801575932895912, 2.366198307868038, 1.951181746436476, 1.7771390709262065, 1.62942632308218, 2.0700051225013008, 2.1228352036587026, 2.3713321322870557, 2.575096170695589, 1.7723819176187978]
valid_mse_list:  [53.81079255547493, 63.60619256526801, 42.93245881074553, 50.221341365461896, 46.69773273862851, 40.45057708442591, 39.22472274075648, 41.29844875016789, 73.27807535537204, 41.86700984626819, 56.25980162164968, 70.99511496124754, 62.32316911752057, 45.97558338019498, 39.87000096679493, 35.36491553494885, 38.70920925383355, 36.07951235771179, 49.11358236810964, 68.51689186825115, 36.21344268094202, 54.51175634724319, 87.02181745031078, 47.51297793418738, 41.809254874089724, 47.38698994885584, 36.42375847640311, 40.95929988933976, 44.49355710995425, 38.02482431861246, 46.981429130408415, 38.19484614111056, 40.317512548653184, 37.673562869904146, 35.420187761829155, 39.678964092473315, 38.75367998013831, 40.34616963574841, 42.23341692784789, 38.173446667422155]
valid_mae_list:  [5.749389502652891, 6.717651027023413, 5.1973943528096385, 5.465502356268038, 5.618070225806752, 5.056006802115471, 5.095131114789635, 5.075326761622338, 7.184437648505922, 5.080189941795009, 6.023477031926441, 7.097221617486067, 6.541093036627314, 5.722376829499652, 5.23035061587194, 4.734848314030155, 4.964206817043815, 4.863505418133584, 5.513941284957205, 6.909807970569392, 4.806186262968999, 5.978679438305509, 7.912423832401348, 5.63176839063122, 5.148025901454269, 5.578158044511346, 4.878676444861539, 5.20972073305944, 5.333317993552821, 4.908613071320163, 5.522166039533676, 5.016727204535417, 5.183026332004815, 4.883587588170531, 4.796832989735209, 5.072536006854598, 5.0448239806351385, 5.109839955712579, 5.133926804657954, 4.997572078826321]

Elapsed time for one epoch in cv: 27 minutes
