nohup: ignoring input
wandb: Currently logged in as: yein-hwang. Use `wandb login --relogin` to force relogin
wandb: wandb version 0.16.6 is available!  To upgrade, please run:
wandb:  $ pip install wandb --upgrade
wandb: Tracking run with wandb version 0.16.1
wandb: Run data is saved locally in /media/leelabsg-storage1/yein/research/wandb/RegionBAE/wandb/run-20240507_000748-qnd9cawb
wandb: Run `wandb offline` to turn off syncing.
wandb: Syncing run autumn-gorge-245
wandb: ⭐️ View project at https://wandb.ai/yein-hwang/reg_trial
wandb: 🚀 View run at https://wandb.ai/yein-hwang/reg_trial/runs/qnd9cawb
====================  Setting  ====================
Dataset :                  ukb
Mode :                     train
Number of gpus :           1
Batch size :              4
Data size:                25656
Epochs :                  40
Learning Rate :           0.001
Early Stopping Patience : 0
# of Workers  :           16
Region of Interest :      imgs
Model Save Path:          ../../model/region_BAE/ukb/imgs
==================================================

<<< StratifiedKFold: 0/4 >>>
Train Dataset & Validation Dataset size:  4811 1604
[    2     9    12 ... 25646 25648 25651]
[ Start ]
  0%|          | 0/40 [00:00<?, ?it/s]
Epoch   1: training
Epoch: 1, duration for training: 74.00 minutes

Epoch   1: validation
  2%|▎         | 1/40 [1:50:29<71:49:03, 6629.32s/it]    Epoch  1: training mse loss = 52.172 / validation mse loss = 27.651
    Epoch  1: training mae loss = 5.678 / validation mae loss = 4.226

Epoch   2: training
Epoch: 2, duration for training: 83.86 minutes

Epoch   2: validation
  5%|▌         | 2/40 [2:54:09<52:32:03, 4976.94s/it]    Epoch  2: training mse loss = 58.553 / validation mse loss = 55.107
    Epoch  2: training mae loss = 6.386 / validation mae loss = 6.242

Epoch   3: training
Epoch: 3, duration for training: 66.58 minutes

Epoch   3: validation
  8%|▊         | 3/40 [4:06:22<48:07:40, 4682.70s/it]    Epoch  3: training mse loss = 11616584.351 / validation mse loss = 55.587
    Epoch  3: training mae loss = 95.403 / validation mae loss = 6.333

Epoch   4: training
Epoch: 4, duration for training: 90.21 minutes

Epoch   4: validation
 10%|█         | 4/40 [5:37:22<49:53:54, 4989.86s/it]    Epoch  4: training mse loss = 63.410 / validation mse loss = 53.247
    Epoch  4: training mae loss = 6.619 / validation mae loss = 6.194

Epoch   5: training
Epoch: 5, duration for training: 101.51 minutes

Epoch   5: validation
