nohup: ignoring input
wandb: Currently logged in as: yein-hwang. Use `wandb login --relogin` to force relogin
wandb: - Waiting for wandb.init()...wandb: \ Waiting for wandb.init()...wandb: | Waiting for wandb.init()...wandb: wandb version 0.17.0 is available!  To upgrade, please run:
wandb:  $ pip install wandb --upgrade
wandb: Tracking run with wandb version 0.16.1
wandb: Run data is saved locally in /media/leelabsg-storage1/yein/research/wandb/RegionBAE/wandb/run-20240509_132038-ti8cfkr8
wandb: Run `wandb offline` to turn off syncing.
wandb: Syncing run smart-rain-251
wandb: ⭐️ View project at https://wandb.ai/yein-hwang/reg_trial
wandb: 🚀 View run at https://wandb.ai/yein-hwang/reg_trial/runs/ti8cfkr8
====================  Setting  ====================
Dataset :                  ukb
Mode :                     train
Number of gpus :           1
Batch size :              4
Data size:                25656
Epochs :                  40
Learning Rate :           0.0001
Early Stopping Patience : 0
# of Workers  :           16
Region of Interest :      imgs
Model Save Path:          ../../model/region_BAE/ukb/imgs/
Loaded Model Epoch:       40
==================================================

<<< StratifiedKFold: 0/4 >>>
Train Dataset & Validation Dataset size:  4811 1604
[    2     9    12 ... 25646 25648 25651]
[ Start ]
  0%|          | 0/40 [00:00<?, ?it/s]
Epoch   1: training
